# NA
# z = 2.649000
# E [Ryd] log (J_nu)
interpolate (0.0000000100) (-50.0000000000)
continue (0.0007811100) (-50.0000000000)
continue (0.0007890000) (-17.7731424297)
continue (0.0008280000) (-17.7945249633)
continue (0.0008680000) (-17.8173000967)
continue (0.0009110000) (-17.8416375079)
continue (0.0009560000) (-17.8671002301)
continue (0.0010030000) (-17.8931294555)
continue (0.0010520000) (-17.9197343727)
continue (0.0011030000) (-17.9473060581)
continue (0.0011580000) (-17.9759250127)
continue (0.0012150000) (-18.0048037084)
continue (0.0012740000) (-18.0339052206)
continue (0.0013370000) (-18.0632350024)
continue (0.0014020000) (-18.0929112549)
continue (0.0014710000) (-18.1230320326)
continue (0.0015430000) (-18.1535391749)
continue (0.0016190000) (-18.1841567093)
continue (0.0016990000) (-18.2146701650)
continue (0.0017820000) (-18.2449640662)
continue (0.0018700000) (-18.2752327544)
continue (0.0019620000) (-18.3053948011)
continue (0.0020580000) (-18.3354520378)
continue (0.0021590000) (-18.3654219771)
continue (0.0022650000) (-18.3954499674)
continue (0.0023770000) (-18.4252744164)
continue (0.0024930000) (-18.4546928835)
continue (0.0026160000) (-18.4835968516)
continue (0.0027440000) (-18.5121548799)
continue (0.0028790000) (-18.5403060235)
continue (0.0030200000) (-18.5678327306)
continue (0.0031690000) (-18.5948244538)
continue (0.0033250000) (-18.6214204239)
continue (0.0034870000) (-18.6472388083)
continue (0.0036580000) (-18.6724367398)
continue (0.0038390000) (-18.6968039426)
continue (0.0040270000) (-18.7203330560)
continue (0.0042250000) (-18.7428015739)
continue (0.0044320000) (-18.7642191297)
continue (0.0046490000) (-18.7846268472)
continue (0.0048780000) (-18.8043770564)
continue (0.0051190000) (-18.8239087409)
continue (0.0053700000) (-18.8434508487)
continue (0.0056320000) (-18.8629625452)
continue (0.0059100000) (-18.8827287043)
continue (0.0061990000) (-18.9023956711)
continue (0.0065040000) (-18.9222688203)
continue (0.0068260000) (-18.9430951487)
continue (0.0071580000) (-18.9641701747)
continue (0.0075130000) (-18.9863203027)
continue (0.0078830000) (-19.0087739243)
continue (0.0082690000) (-19.0295136512)
continue (0.0086700000) (-19.0479344098)
continue (0.0090940000) (-19.0634862575)
continue (0.0095460000) (-19.0763933570)
continue (0.0100150000) (-19.0871405248)
continue (0.0105070000) (-19.0955008446)
continue (0.0110230000) (-19.1014942145)
continue (0.0115640000) (-19.1049644025)
continue (0.0121320000) (-19.1059609992)
continue (0.0127270000) (-19.1045774540)
continue (0.0133520000) (-19.1010007291)
continue (0.0140090000) (-19.0953385421)
continue (0.0146950000) (-19.0877247895)
continue (0.0154190000) (-19.0777937226)
continue (0.0161740000) (-19.0652491253)
continue (0.0169700000) (-19.0498786525)
continue (0.0178050000) (-19.0314703556)
continue (0.0186770000) (-19.0101943491)
continue (0.0195970000) (-18.9863203027)
continue (0.0205560000) (-18.9605858808)
continue (0.0215680000) (-18.9374180158)
continue (0.0226290000) (-18.9172146297)
continue (0.0237370000) (-18.8972233851)
continue (0.0249050000) (-18.8781120149)
continue (0.0261260000) (-18.8604357338)
continue (0.0274070000) (-18.8437538096)
continue (0.0287560000) (-18.8276890315)
continue (0.0301640000) (-18.8116340739)
continue (0.0316520000) (-18.7937139556)
continue (0.0332090000) (-18.7741740085)
continue (0.0348340000) (-18.7512912644)
continue (0.0365530000) (-18.7251496800)
continue (0.0383370000) (-18.7002748460)
continue (0.0402330000) (-18.6844494656)
continue (0.0422080000) (-18.6763354644)
continue (0.0442790000) (-18.6699922991)
continue (0.0464460000) (-18.6653452331)
continue (0.0487310000) (-18.6629402737)
continue (0.0511370000) (-18.6651443104)
continue (0.0536350000) (-18.6738690433)
continue (0.0562510000) (-18.6869768897)
continue (0.0590200000) (-18.7000571000)
continue (0.0619490000) (-18.7101881609)
continue (0.0649510000) (-18.7171513972)
continue (0.0681580000) (-18.7239980100)
continue (0.0715280000) (-18.7323590177)
continue (0.0750010000) (-18.7420815497)
continue (0.0786930000) (-18.7527634505)
continue (0.0825420000) (-18.7649768405)
continue (0.0866220000) (-18.7796303675)
continue (0.0908540000) (-18.7958800173)
continue (0.0953510000) (-18.8110715162)
continue (0.1000290000) (-18.8276890315)
continue (0.1049480000) (-18.8434508487)
continue (0.1100960000) (-18.8566728700)
continue (0.1155110000) (-18.8699880503)
continue (0.1211790000) (-18.8840568231)
continue (0.1271300000) (-18.8972233851)
continue (0.1333820000) (-18.9086848403)
continue (0.1399370000) (-18.9219058496)
continue (0.1467890000) (-18.9359165640)
continue (0.1540080000) (-18.9503943874)
continue (0.1615720000) (-18.9669785553)
continue (0.1695070000) (-18.9846402446)
continue (0.1778430000) (-19.0038825239)
continue (0.1865820000) (-19.0223221123)
continue (0.1957190000) (-19.0446009134)
continue (0.2053330000) (-19.0733489229)
continue (0.2154300000) (-19.1050750226)
continue (0.2260090000) (-19.1417636646)
continue (0.2371240000) (-19.1751585282)
continue (0.2487760000) (-19.1907770783)
continue (0.2609580000) (-19.1980477651)
continue (0.2738180000) (-19.2074682381)
continue (0.2872850000) (-19.2166682371)
continue (0.3013450000) (-19.2259942697)
continue (0.3161930000) (-19.2361229685)
continue (0.3317320000) (-19.2454223440)
continue (0.3479450000) (-19.2550814576)
continue (0.3650910000) (-19.2651201972)
continue (0.3830460000) (-19.2736803879)
continue (0.4017930000) (-19.2867615385)
continue (0.4214930000) (-19.3039932848)
continue (0.4421480000) (-19.3197551630)
continue (0.4639850000) (-19.3389449151)
continue (0.4867880000) (-19.3615107430)
continue (0.5105140000) (-19.3878521617)
continue (0.5357240000) (-19.4175957020)
continue (0.5621630000) (-19.4495270429)
continue (0.5898170000) (-19.4787311244)
continue (0.6186470000) (-19.5125787886)
continue (0.6490510000) (-19.5575202309)
continue (0.6810660000) (-19.6095948435)
continue (0.7141590000) (-19.6728454876)
continue (0.7493962506) (-19.9292235372)
continue (0.7493977494) (-19.7295540920)
continue (0.7862530000) (-20.0257647226)
continue (0.8246760000) (-20.1688984355)
continue (0.8288690000) (-20.1916721953)
continue (0.8329220000) (-20.2112244656)
continue (0.8369690000) (-20.2308871718)
continue (0.8410250000) (-20.2506587475)
continue (0.8450720000) (-20.2705517150)
continue (0.8491280000) (-20.2904180020)
continue (0.8531740000) (-20.3103315980)
continue (0.8572270000) (-20.3303075753)
continue (0.8612780000) (-20.3509437244)
continue (0.8654010000) (-20.3723269682)
continue (0.8695790000) (-20.4012248087)
continue (0.8738320000) (-20.4290066549)
continue (0.8780760000) (-20.4553305642)
continue (0.8823270000) (-20.4821195390)
continue (0.8865760000) (-20.5094235476)
continue (0.8881731118) (-20.4902599844)
continue (0.8881748882) (-20.5215778123)
continue (0.8908310000) (-20.5057827719)
continue (0.8950840000) (-20.5332124276)
continue (0.8993330000) (-20.5601480426)
continue (0.9035780000) (-20.5876201027)
continue (0.9076360000) (-20.6156465859)
continue (0.9122890000) (-20.6548125757)
continue (0.9167470000) (-20.6928271289)
continue (0.9212070000) (-20.7290487964)
continue (0.9256660000) (-20.7673799330)
continue (0.9301240000) (-20.8081858280)
continue (0.9345830000) (-20.8518757026)
continue (0.9370340630) (-20.8610660597)
continue (0.9370359370) (-20.8774564759)
continue (0.9390420000) (-20.8793931689)
continue (0.9435010000) (-20.9222070939)
continue (0.9479600000) (-20.9682603862)
continue (0.9524110000) (-21.0181813928)
continue (0.9531310000) (-21.0266689072)
continue (0.9538450000) (-21.0359502588)
continue (0.9545580000) (-21.0451344838)
continue (0.9552720000) (-21.0542203312)
continue (0.9559850000) (-21.0632068709)
continue (0.9566990000) (-21.0720924914)
continue (0.9574110000) (-21.0808763876)
continue (0.9581250000) (-21.0895570336)
continue (0.9588390000) (-21.0981326427)
continue (0.9595300405) (-21.0963674839)
continue (0.9595319595) (-21.1066266698)
continue (0.9607720000) (-21.1102782157)
continue (0.9619920000) (-21.1238635973)
continue (0.9632120000) (-21.1371301131)
continue (0.9644320000) (-21.1500747159)
continue (0.9656530000) (-21.1626931870)
continue (0.9668730000) (-21.1749830518)
continue (0.9680930000) (-21.1869403442)
continue (0.9693130000) (-21.1985640450)
continue (0.9705340000) (-21.2098507062)
continue (0.9717060283) (-21.2136745656)
continue (0.9717079717) (-21.2208365762)
continue (0.9724930000) (-21.2200501570)
continue (0.9732330000) (-21.2262954499)
continue (0.9739720000) (-21.2324174729)
continue (0.9747120000) (-21.2384179315)
continue (0.9754510000) (-21.2442950858)
continue (0.9761900000) (-21.2500504534)
continue (0.9769300000) (-21.2556843246)
continue (0.9776690000) (-21.2611964594)
continue (0.9784090000) (-21.2665868455)
continue (0.9791190209) (-21.2665619729)
continue (0.9791209791) (-21.2718898159)
continue (0.9796260000) (-21.2698890584)
continue (0.9801050000) (-21.2731432553)
continue (0.9805820000) (-21.2763489804)
continue (0.9810610000) (-21.2795041454)
continue (0.9815390000) (-21.2826116304)
continue (0.9820170000) (-21.2856702403)
continue (0.9824950000) (-21.2886796222)
continue (0.9829730000) (-21.2916411464)
continue (0.9834510000) (-21.2945545402)
continue (0.9838760161) (-21.2933675491)
continue (0.9838779839) (-21.2973971587)
continue (0.9842530000) (-21.2952310969)
continue (0.9845780000) (-21.2971087010)
continue (0.9849010000) (-21.2989650650)
continue (0.9852260000) (-21.3007990124)
continue (0.9855500000) (-21.3026128399)
continue (0.9858740000) (-21.3044045112)
continue (0.9861980000) (-21.3061754777)
continue (0.9865230000) (-21.3079254547)
continue (0.9868470000) (-21.3096541585)
continue (0.9871800128) (-21.3080348972)
continue (0.9871819872) (-21.3114022249)
continue (0.9874070000) (-21.3092928169)
continue (0.9876420000) (-21.3105037863)
continue (0.9878790000) (-21.3117030081)
continue (0.9881150000) (-21.3128921607)
continue (0.9883500000) (-21.3140693620)
continue (0.9885860000) (-21.3152371980)
continue (0.9888220000) (-21.3163937848)
continue (0.9890580000) (-21.3175399261)
continue (0.9892940000) (-21.3186746262)
continue (0.9895390105) (-21.3170430737)
continue (0.9895409895) (-21.3197551630)
continue (0.9991960000) (-21.3543812618)
continue (1.0439530000) (-21.4030731857)
continue (1.0951410000) (-21.4414114169)
continue (1.1489940000) (-21.4706980022)
continue (1.2053800000) (-21.4982562704)
continue (1.2645950000) (-21.5346171486)
continue (1.3266370000) (-21.5730010412)
continue (1.3918850000) (-21.6067758836)
continue (1.4601300000) (-21.6420651530)
continue (1.5320560000) (-21.6861327796)
continue (1.6071730000) (-21.7394516274)
continue (1.6862820000) (-21.7765040590)
continue (1.7691070000) (-21.8071538848)
continue (1.8559410000) (-21.8474059221)
continue (1.9471520000) (-21.8843894883)
continue (2.0427410000) (-21.9208187540)
continue (2.1431490000) (-21.9515581964)
continue (2.2483760000) (-21.9863203027)
continue (2.3583510000) (-22.0216825033)
continue (2.4742520000) (-22.0511959541)
continue (2.5962020000) (-22.0651481970)
continue (2.7234520000) (-22.0661079642)
continue (2.8575320000) (-22.0513425679)
continue (2.9975860024) (-22.3313345845)
continue (2.9975919976) (-22.0429197403)
continue (3.1444680000) (-22.4359260210)
continue (3.2993010000) (-22.5511391544)
continue (3.3154820000) (-22.5693284414)
continue (3.3316770000) (-22.5854461157)
continue (3.3478830000) (-22.6017109589)
continue (3.3640860000) (-22.6177667650)
continue (3.3802960000) (-22.6324484110)
continue (3.3964990000) (-22.6450832959)
continue (3.4127040000) (-22.6571274652)
continue (3.4289090000) (-22.6781655365)
continue (3.4451130000) (-22.6994849485)
continue (3.4609460000) (-22.7205612117)
continue (3.4783170000) (-22.7434049126)
continue (3.4953150000) (-22.7636290316)
continue (3.5123160000) (-22.7864981807)
continue (3.5293200000) (-22.8078787779)
continue (3.5463240000) (-22.8300582545)
continue (3.5540794459) (-22.6605485587)
continue (3.5540865541) (-22.8395314689)
continue (3.5633250000) (-22.6680122281)
continue (3.5803210000) (-22.6842059258)
continue (3.5973240000) (-22.7036134617)
continue (3.6143170000) (-22.7245273989)
continue (3.6319930000) (-22.7461775613)
continue (3.6491550000) (-22.7642065124)
continue (3.6669970000) (-22.7854263460)
continue (3.6848200000) (-22.8087334741)
continue (3.7026670000) (-22.8330048126)
continue (3.7204900000) (-22.8592751781)
continue (3.7383320000) (-22.8870834637)
continue (3.7485232515) (-22.8054856581)
continue (3.7485307485) (-22.9034375616)
continue (3.7561600000) (-22.8165564733)
continue (3.7740030000) (-22.8431057308)
continue (3.7918430000) (-22.8718140533)
continue (3.8096450000) (-22.9023956711)
continue (3.8125290000) (-22.8883175129)
continue (3.8153870000) (-22.8921695684)
continue (3.8182320000) (-22.8960766081)
continue (3.8210820000) (-22.9000398157)
continue (3.8239360000) (-22.9040638978)
continue (3.8267950000) (-22.9081431900)
continue (3.8296410000) (-22.9122789051)
continue (3.8324920000) (-22.9164722979)
continue (3.8353470000) (-22.9207246670)
continue (3.8385261615) (-22.8620132673)
continue (3.8385338385) (-22.9251835594)
continue (3.8430950000) (-22.8684775711)
continue (3.8479630000) (-22.8750949225)
continue (3.8528440000) (-22.8818642914)
continue (3.8577370000) (-22.8887845487)
continue (3.8626100000) (-22.8958578664)
continue (3.8674950000) (-22.9030830383)
continue (3.8723760000) (-22.9104622522)
continue (3.8772530000) (-22.9179941876)
continue (3.8821260000) (-22.9256883361)
continue (3.8876541123) (-22.8890737577)
continue (3.8876618877) (-22.9336740746)
continue (3.8899640000) (-22.8933774035)
continue (3.8929220000) (-22.8978167891)
continue (3.8958850000) (-22.9023124278)
continue (3.8988520000) (-22.9068620999)
continue (3.9018070000) (-22.9114670235)
continue (3.9047660000) (-22.9161320385)
continue (3.9077130000) (-22.9208513273)
continue (3.9106810000) (-22.9256297812)
continue (3.9136370000) (-22.9304687977)
continue (3.9160550839) (-22.9020489290)
continue (3.9160629161) (-22.9355420108)
continue (3.9185010000) (-22.9050399976)
continue (3.9204230000) (-22.9080447806)
continue (3.9223300000) (-22.9110740368)
continue (3.9242380000) (-22.9141245709)
continue (3.9261490000) (-22.9172038622)
continue (3.9280610000) (-22.9203051426)
continue (3.9299750000) (-22.9234323696)
continue (3.9318920000) (-22.9265822781)
continue (3.9338100000) (-22.9297588942)
continue (3.9363540636) (-22.9069286936)
continue (3.9363619364) (-22.9329291440)
continue (3.9370220000) (-22.9090756700)
continue (3.9383150000) (-22.9111625163)
continue (3.9396090000) (-22.9132558820)
continue (3.9409040000) (-22.9153665348)
continue (3.9421990000) (-22.9174839039)
continue (3.9434960000) (-22.9196152558)
continue (3.9447930000) (-22.9217571192)
continue (3.9460920000) (-22.9239132433)
continue (3.9473910000) (-22.9260801251)
continue (3.9482930517) (-22.9072793553)
continue (3.9483009483) (-22.9281179927)
continue (3.9496320000) (-22.9088854927)
continue (3.9505740000) (-22.9104233818)
continue (3.9515160000) (-22.9119631900)
continue (3.9524580000) (-22.9135120358)
continue (3.9534020000) (-22.9150628536)
continue (3.9543450000) (-22.9166228134)
continue (3.9552890000) (-22.9181919939)
continue (3.9562340000) (-22.9197632544)
continue (3.9571780000) (-22.9213438438)
continue (3.9585840414) (-22.9058784042)
continue (3.9585919586) (-22.9229956732)
continue (3.9967810032) (-22.9746941347)
continue (3.9967889968) (-22.9746941347)
continue (4.1935890000) (-23.1928710444)
continue (4.3980070000) (-23.2916640973)
continue (4.6140100000) (-23.3279021421)
continue (4.8420140000) (-23.3440935818)
continue (5.0795260000) (-23.3549709353)
continue (5.3290470000) (-23.3646167960)
continue (5.5905950000) (-23.3719177390)
continue (5.8640090000) (-23.3798639450)
continue (6.1530520000) (-23.3894462947)
continue (6.4537320000) (-23.3987006898)
continue (6.7752190000) (-23.4084901910)
continue (7.1026260000) (-23.4177093173)
continue (7.4571770000) (-23.4270122918)
continue (7.8220340000) (-23.4367562989)
continue (8.2022230000) (-23.4462383016)
continue (8.6049760000) (-23.4558078892)
continue (9.0313870000) (-23.4654662440)
continue (9.4736140000) (-23.4753442876)
continue (9.9396480000) (-23.4854522473)
continue (10.4275890000) (-23.4958010815)
continue (10.9395790000) (-23.5064025510)
continue (11.4769140000) (-23.5174122305)
continue (12.0410540000) (-23.5290018303)
continue (12.6319240000) (-23.5410601381)
continue (13.2528650000) (-23.5537735982)
continue (13.9039820000) (-23.5671909950)
continue (14.5849390000) (-23.5810361693)
continue (15.3025520000) (-23.5958507508)
continue (16.0547390000) (-23.6111885865)
continue (16.8410090000) (-23.6270879970)
continue (17.6704860000) (-23.6437828658)
continue (18.5367570000) (-23.6613443344)
continue (19.4465850000) (-23.6788159727)
continue (20.4045450000) (-23.6974526275)
continue (21.4063180000) (-23.7169250253)
continue (22.4560610000) (-23.7368375350)
continue (23.5591250000) (-23.7577070950)
continue (24.7156760000) (-23.7791077508)
continue (25.9324690000) (-23.8016178700)
continue (27.2019990000) (-23.8241983672)
continue (28.5395230000) (-23.8480176045)
continue (29.9463350000) (-23.8728952016)
continue (31.4121670000) (-23.8982529261)
continue (32.9572140000) (-23.9240882385)
continue (34.5700670000) (-23.9511699135)
continue (36.2765510000) (-23.9788107009)
continue (38.0487250000) (-24.0073581301)
continue (39.9153290000) (-24.0362593811)
continue (41.8780780000) (-24.0661585371)
continue (43.9376550000) (-24.0966386637)
continue (46.0934230000) (-24.1277271538)
continue (48.3687350000) (-24.1592667654)
continue (50.7386950000) (-24.1913164909)
continue (53.2282110000) (-24.2237347817)
continue (55.8374370000) (-24.2564902353)
continue (58.6023780000) (-24.2895441357)
continue (61.4475370000) (-24.3229408226)
continue (64.4916470000) (-24.3565473235)
continue (67.6515940000) (-24.3902988976)
continue (70.9709480000) (-24.4242350195)
continue (74.4499160000) (-24.4582959767)
continue (78.0862870000) (-24.4924139602)
continue (81.9484690000) (-24.5238932832)
continue (85.9685820000) (-24.5503673495)
continue (90.2244530000) (-24.5683146553)
continue (94.6279310000) (-24.5797141151)
continue (99.2773690000) (-24.5873714795)
continue (104.1567000000) (-24.5944828930)
continue (109.2777280000) (-24.6017126946)
continue (114.6391960000) (-24.6090648929)
continue (120.2675160000) (-24.6165437035)
continue (126.1793090000) (-24.6245192854)
continue (132.3746330000) (-24.6330170240)
continue (138.8703090000) (-24.6411137956)
continue (145.6861660000) (-24.6491707264)
continue (152.8458520000) (-24.6569855028)
continue (160.3496340000) (-24.6647427436)
continue (168.2235500000) (-24.6728454876)
continue (176.4995100000) (-24.6806856959)
continue (185.1792260000) (-24.6880343396)
continue (194.2585740000) (-24.6948636811)
continue (203.8172600000) (-24.7015836199)
continue (213.8120530000) (-24.7084091743)
continue (224.3394810000) (-24.7148929704)
continue (235.3478750000) (-24.7210178831)
continue (246.8889110000) (-24.7269987279)
continue (259.0298380000) (-24.7328282716)
continue (271.6955790000) (-24.7387371312)
continue (285.0381520000) (-24.7442452134)
continue (299.0702230000) (-24.7498240519)
continue (313.7971660000) (-24.7552282385)
continue (329.2149460000) (-24.7607005209)
continue (345.3076810000) (-24.7662426370)
continue (362.3327920000) (-24.7721132954)
continue (380.1697830000) (-24.7788466780)
continue (398.8039260000) (-24.7867479478)
continue (418.3962220000) (-24.7964232250)
continue (438.9532610000) (-24.8079904073)
continue (460.4684040000) (-24.8218867477)
continue (483.1744280000) (-24.8377343857)
continue (506.8225640000) (-24.8535618647)
continue (531.6610100000) (-24.8664610916)
continue (557.6909250000) (-24.8745187343)
continue (585.2710150000) (-24.8794260688)
continue (614.0613010000) (-24.8843894883)
continue (644.0049260000) (-24.8890737577)
continue (675.5129510000) (-24.8931294555)
continue (709.1571760000) (-24.8975662943)
continue (743.8914050000) (-24.9020489290)
continue (780.1943240000) (-24.9065783148)
continue (818.7484010000) (-24.9111554373)
continue (858.8755620000) (-24.9157813133)
continue (901.3520980000) (-24.9200955323)
continue (945.2976880000) (-24.9240882385)
continue (991.6932970000) (-24.9277501024)
continue (1040.3778640000) (-24.9314431049)
continue (1091.4684040000) (-24.9347938719)
continue (1145.0954650000) (-24.9381706927)
continue (1201.4066850000) (-24.9423338961)
continue (1260.3969170000) (-24.9469215565)
continue (1322.2097660000) (-24.9523358054)
continue (1387.2232770000) (-24.9590023076)
continue (1455.2331060000) (-24.9669785553)
continue (1526.6660590000) (-24.9759250127)
continue (1601.8051870000) (-24.9867413347)
continue (1680.3742780000) (-24.9986990670)
continue (1762.9463550000) (-25.0126019009)
continue (1849.5371850000) (-25.0277508640)
continue (1940.5174000000) (-25.0441679898)
continue (2035.8958240000) (-25.0616804567)
continue (2135.6151180000) (-25.0801899798)
continue (2240.6367610000) (-25.0996875030)
continue (2350.4435670000) (-25.1201016757)
continue (2466.2164300000) (-25.1414026550)
continue (2587.3565330000) (-25.1631697135)
continue (2714.5277650000) (-25.1854860476)
continue (2847.7092840000) (-25.2083093510)
continue (2987.7605600000) (-25.2316579414)
continue (3133.6553330000) (-25.2554723265)
continue (3288.5852430000) (-25.2799234272)
continue (3449.1558320000) (-25.3049563412)
continue (3619.0110040000) (-25.3304971659)
continue (3796.9457120000) (-25.3565473235)
continue (3982.8101870000) (-25.3828947695)
continue (4178.2071110000) (-25.4097155963)
continue (4383.1985130000) (-25.4368750397)
continue (4600.0351880000) (-25.4644527208)
continue (4826.6259050000) (-25.4925489391)
continue (5062.5942820000) (-25.5210008683)
continue (5310.4135830000) (-25.5497508917)
continue (5573.4982920000) (-25.5788898702)
continue (5845.2018650000) (-25.6083592965)
continue (6132.3483900000) (-25.6384610287)
continue (6435.5012060000) (-25.6687752190)
continue (6750.1257100000) (-25.6996219351)
continue (7080.5514440000) (-25.7309542903)
continue (7426.7886780000) (-25.7627076624)
continue (7795.2692110000) (-25.7945249633)
continue (8180.1343880000) (-25.8268137316)
continue (8580.6682750000) (-25.8594919570)
continue (8995.7252800000) (-25.8927900304)
continue (9442.2025780000) (-25.9259153110)
continue (9905.0757700000) (-25.9593976599)
continue (10391.9143670000) (-25.9931062921)
continue (10902.9309740000) (-26.0269183504)
continue (11438.0189630000) (-26.0608303204)
continue (11999.8284280000) (-26.0949060317)
continue (12588.2990860000) (-26.1293035420)
continue (13206.7676930000) (-26.1641826457)
continue (13855.3591430000) (-26.1992142097)
continue (14536.0818440000) (-26.2344804569)
continue (15251.3300560000) (-26.2700257143)
continue (15998.3667630000) (-26.3058337041)
continue (16785.1716860000) (-26.3419886033)
continue (17609.0235910000) (-26.3786159715)
continue (18476.6214680000) (-26.4156687756)
continue (19380.4119700000) (-26.4535807332)
continue (20336.2412590000) (-26.4918744639)
continue (21331.1556840000) (-26.5309147009)
continue (22378.8548830000) (-26.5707323336)
continue (23480.2105340000) (-26.6113660306)
continue (24635.4952910000) (-26.6528652171)
continue (25844.2135800000) (-26.6955094722)
continue (27112.9714610000) (-26.7387371312)
continue (28441.5409120000) (-26.7835701691)
continue (29838.4731770000) (-26.8291517964)
continue (31304.2587020000) (-26.8758219445)
continue (32838.4493990000) (-26.9237237446)
continue (34452.4374600000) (-26.9726503922)
continue (36147.0436660000) (-27.0228710994)
continue (37922.0545490000) (-27.0744300905)
continue (39793.3175030000) (-27.1275523522)
continue (41743.7916090000) (-27.1828314276)
continue (43789.8592420000) (-27.2395775166)
continue (45953.9571770000) (-27.2978280491)
continue (48189.6864520000) (-27.3578323656)
continue (50569.7542070000) (-27.4194171232)
continue (53042.3149490000) (-27.4830681911)
continue (55666.8888710000) (-27.5485205949)
continue (58377.1281750000) (-27.6161846340)
continue (61241.0598670000) (-27.6867657083)
continue (64264.2433580000) (-27.7599502279)
continue (67401.4031670000) (-27.8359447081)
continue (70750.5412120000) (-27.9147094218)
continue (74207.4080470000) (-27.9956786262)
continue (77819.5534430000) (-28.0799810840)
continue (81654.7464890000) (-28.1669804529)
continue (85725.9615070000) (-28.2569608452)
continue (89868.5375560000) (-28.3513473049)
continue (94314.5281330000) (-28.4486720120)
continue (98943.2107290000) (-28.5499049241)
continue (103800.7712510000) (-28.6550185861)
continue (108899.0165890000) (-28.7634627385)
continue (114251.1247260000) (-28.8768019250)
continue (119856.2371190000) (-28.9939620450)
continue (125744.0279860000) (-29.1149216159)
continue (131933.8310140000) (-29.2421486563)
continue (138406.2835380000) (-29.3723269682)
continue (145198.6887850000) (-29.5066813918)
continue (152334.8329680000) (-29.6445484799)
continue (159815.3228370000) (-29.7819899570)
continue (167666.4159740000) (-29.9200955323)
continue (175886.3097500000) (-30.0504148487)
continue (184541.7113840000) (-30.1602706248)
continue (193598.2517140000) (-30.2434399570)
continue (203090.4771150000) (-30.2937944581)
continue (213112.0137550000) (-30.3291977157)
continue (223568.9329780000) (-30.3646167960)
continue (234560.3528490000) (-30.4000078224)
continue (246022.4003280000) (-30.4353339357)
continue (258149.2835170000) (-30.4708263967)
continue (270807.4207480000) (-30.5061238891)
continue (284149.3516730000) (-30.5415132362)
continue (298091.9106370000) (-30.5769180417)
continue (312720.3057020000) (-30.6124322206)
continue (328029.8671050000) (-30.6478174819)
continue (344134.0524230000) (-30.6831912479)
continue (361040.7966780000) (-30.7185121121)
continue (378747.7019190000) (-30.7539940959)
continue (397412.5472380000) (-30.7894139751)
continue (416865.0369700000) (-30.8247781997)
continue (437478.1424950000) (-30.8601209136)
continue (458845.4032310000) (-30.8955128887)
continue (481387.7289050000) (-30.9310723883)
continue (505136.9017830000) (-30.9665762445)
continue (529806.3783820000) (-31.0017842676)
continue (555989.6100160000) (-31.0371573188)
continue (583397.5485380000) (-31.0725783049)
continue (611999.3088090000) (-31.1079610797)
continue (3672982.5506509999) (-32.1836261112)
continue (3709712.3761575101) (-50.0000000000)
continue (7354000.0000000000) (-50.0000000000)
f(nu) = -20.2560460834 at 1.0000000000 Ryd
