# NA
# z = 2.316000
# E [Ryd] log (J_nu)
interpolate (0.0000000100) (-50.0000000000)
continue (0.0007811100) (-50.0000000000)
continue (0.0007890000) (-17.7772835289)
continue (0.0008280000) (-17.7986028757)
continue (0.0008680000) (-17.8213107602)
continue (0.0009110000) (-17.8455760269)
continue (0.0009560000) (-17.8709549401)
continue (0.0010030000) (-17.8972233851)
continue (0.0010520000) (-17.9237237446)
continue (0.0011030000) (-17.9511699135)
continue (0.0011580000) (-17.9792245118)
continue (0.0012150000) (-18.0080654503)
continue (0.0012740000) (-18.0369208394)
continue (0.0013370000) (-18.0660068362)
continue (0.0014020000) (-18.0953385421)
continue (0.0014710000) (-18.1251124892)
continue (0.0015430000) (-18.1552122812)
continue (0.0016190000) (-18.1853529305)
continue (0.0016990000) (-18.2153114005)
continue (0.0017820000) (-18.2451931446)
continue (0.0018700000) (-18.2749054789)
continue (0.0019620000) (-18.3044307730)
continue (0.0020580000) (-18.3338565727)
continue (0.0021590000) (-18.3632113110)
continue (0.0022650000) (-18.3924377568)
continue (0.0023770000) (-18.4214753947)
continue (0.0024930000) (-18.4501388115)
continue (0.0026160000) (-18.4782083504)
continue (0.0027440000) (-18.5059846252)
continue (0.0028790000) (-18.5331323796)
continue (0.0030200000) (-18.5598783968)
continue (0.0031690000) (-18.5860300283)
continue (0.0033250000) (-18.6115435473)
continue (0.0034870000) (-18.6363880201)
continue (0.0036580000) (-18.6605485587)
continue (0.0038390000) (-18.6838199011)
continue (0.0040270000) (-18.7061956401)
continue (0.0042250000) (-18.7276941556)
continue (0.0044320000) (-18.7481185454)
continue (0.0046490000) (-18.7675121336)
continue (0.0048780000) (-18.7862167007)
continue (0.0051190000) (-18.8052082423)
continue (0.0053700000) (-18.8239087409)
continue (0.0056320000) (-18.8428455601)
continue (0.0059100000) (-18.8616973018)
continue (0.0061990000) (-18.8810742472)
continue (0.0065040000) (-18.9006647223)
continue (0.0068260000) (-18.9208187540)
continue (0.0071580000) (-18.9415739755)
continue (0.0075130000) (-18.9633711046)
continue (0.0078830000) (-18.9846402446)
continue (0.0082690000) (-19.0041893683)
continue (0.0086700000) (-19.0214542995)
continue (0.0090940000) (-19.0358346894)
continue (0.0095460000) (-19.0475466036)
continue (0.0100150000) (-19.0569508890)
continue (0.0105070000) (-19.0640395310)
continue (0.0110230000) (-19.0687455936)
continue (0.0115640000) (-19.0710411591)
continue (0.0121320000) (-19.0711434664)
continue (0.0127270000) (-19.0691528083)
continue (0.0133520000) (-19.0650977417)
continue (0.0140090000) (-19.0590355065)
continue (0.0146950000) (-19.0507564094)
continue (0.0154190000) (-19.0401004121)
continue (0.0161740000) (-19.0267335639)
continue (0.0169700000) (-19.0106391862)
continue (0.0178050000) (-18.9918258160)
continue (0.0186770000) (-18.9702105292)
continue (0.0195970000) (-18.9469215565)
continue (0.0205560000) (-18.9222688203)
continue (0.0215680000) (-18.8999742699)
continue (0.0226290000) (-18.8804142250)
continue (0.0237370000) (-18.8620132673)
continue (0.0249050000) (-18.8446639625)
continue (0.0261260000) (-18.8282735463)
continue (0.0274070000) (-18.8127613802)
continue (0.0287560000) (-18.7969671130)
continue (0.0301640000) (-18.7804154738)
continue (0.0316520000) (-18.7622050067)
continue (0.0332090000) (-18.7420815497)
continue (0.0348340000) (-18.7194216296)
continue (0.0365530000) (-18.6940041172)
continue (0.0383370000) (-18.6706021206)
continue (0.0402330000) (-18.6563944919)
continue (0.0422080000) (-18.6495581435)
continue (0.0442790000) (-18.6447400945)
continue (0.0464460000) (-18.6416843599)
continue (0.0487310000) (-18.6413039004)
continue (0.0511370000) (-18.6451235775)
continue (0.0536350000) (-18.6556077263)
continue (0.0562510000) (-18.6693833327)
continue (0.0590200000) (-18.6829818990)
continue (0.0619490000) (-18.6935749724)
continue (0.0649510000) (-18.7011469236)
continue (0.0681580000) (-18.7090754406)
continue (0.0715280000) (-18.7187393129)
continue (0.0750010000) (-18.7297871451)
continue (0.0786930000) (-18.7423214251)
continue (0.0825420000) (-18.7564658982)
continue (0.0866220000) (-18.7728849174)
continue (0.0908540000) (-18.7910214827)
continue (0.0953510000) (-18.8079904073)
continue (0.1000290000) (-18.8262311769)
continue (0.1049480000) (-18.8434508487)
continue (0.1100960000) (-18.8579235389)
continue (0.1155110000) (-18.8725712221)
continue (0.1211790000) (-18.8880657237)
continue (0.1271300000) (-18.9027426903)
continue (0.1333820000) (-18.9161391991)
continue (0.1399370000) (-18.9307019879)
continue (0.1467890000) (-18.9465373951)
continue (0.1540080000) (-18.9637704559)
continue (0.1615720000) (-18.9825492705)
continue (0.1695070000) (-19.0025699262)
continue (0.1778430000) (-19.0240629575)
continue (0.1865820000) (-19.0451306289)
continue (0.1957190000) (-19.0698153477)
continue (0.2053330000) (-19.1005078039)
continue (0.2154300000) (-19.1338308524)
continue (0.2260090000) (-19.1714045436)
continue (0.2371240000) (-19.2053725553)
continue (0.2487760000) (-19.2224281953)
continue (0.2609580000) (-19.2317319835)
continue (0.2738180000) (-19.2432878398)
continue (0.2872850000) (-19.2554723265)
continue (0.3013450000) (-19.2679280590)
continue (0.3161930000) (-19.2806687130)
continue (0.3317320000) (-19.2926001689)
continue (0.3479450000) (-19.3030323593)
continue (0.3650910000) (-19.3147958655)
continue (0.3830460000) (-19.3273480772)
continue (0.4017930000) (-19.3406543643)
continue (0.4214930000) (-19.3589226867)
continue (0.4421480000) (-19.3792395100)
continue (0.4639850000) (-19.4016472901)
continue (0.4867880000) (-19.4273607030)
continue (0.5105140000) (-19.4564285760)
continue (0.5357240000) (-19.4889191545)
continue (0.5621630000) (-19.5238932832)
continue (0.5898170000) (-19.5564241202)
continue (0.6186470000) (-19.5941416007)
continue (0.6490510000) (-19.6435916730)
continue (0.6810660000) (-19.7009287400)
continue (0.7141590000) (-19.7695510786)
continue (0.7493962506) (-20.0227795534)
continue (0.7493977494) (-19.8335698862)
continue (0.7862530000) (-20.1234934957)
continue (0.8246760000) (-20.2679280590)
continue (0.8288690000) (-20.2903900314)
continue (0.8329220000) (-20.3097861940)
continue (0.8369690000) (-20.3292514730)
continue (0.8410250000) (-20.3487791848)
continue (0.8450720000) (-20.3683817365)
continue (0.8491280000) (-20.3879073272)
continue (0.8531740000) (-20.4074557473)
continue (0.8572270000) (-20.4270517644)
continue (0.8612780000) (-20.4472393389)
continue (0.8654010000) (-20.4680104486)
continue (0.8695790000) (-20.4958010815)
continue (0.8738320000) (-20.5224085143)
continue (0.8780760000) (-20.5475679740)
continue (0.8823270000) (-20.5730497863)
continue (0.8865760000) (-20.5988925345)
continue (0.8881731118) (-20.5885486579)
continue (0.8881748882) (-20.6103024518)
continue (0.8908310000) (-20.6033892274)
continue (0.8950840000) (-20.6296460760)
continue (0.8993330000) (-20.6553955437)
continue (0.9035780000) (-20.6815297047)
continue (0.9076360000) (-20.7079655640)
continue (0.9122890000) (-20.7440982240)
continue (0.9167470000) (-20.7789589201)
continue (0.9212070000) (-20.8120480190)
continue (0.9256660000) (-20.8467127047)
continue (0.9301240000) (-20.8831964028)
continue (0.9345830000) (-20.9217498654)
continue (0.9370340630) (-20.9325571572)
continue (0.9370359370) (-20.9442395353)
continue (0.9390420000) (-20.9488320362)
continue (0.9435010000) (-20.9863034699)
continue (0.9479600000) (-21.0259928977)
continue (0.9524110000) (-21.0682371115)
continue (0.9531310000) (-21.0753455215)
continue (0.9538450000) (-21.0830136434)
continue (0.9545580000) (-21.0905862629)
continue (0.9552720000) (-21.0980624210)
continue (0.9559850000) (-21.1054413763)
continue (0.9566990000) (-21.1127226175)
continue (0.9574110000) (-21.1199053026)
continue (0.9581250000) (-21.1269888051)
continue (0.9588390000) (-21.1339727246)
continue (0.9595300405) (-21.1337126609)
continue (0.9595319595) (-21.1408617027)
continue (0.9607720000) (-21.1450584705)
continue (0.9619920000) (-21.1561134686)
continue (0.9632120000) (-21.1668758470)
continue (0.9644320000) (-21.1773442673)
continue (0.9656530000) (-21.1875178111)
continue (0.9668730000) (-21.1973972905)
continue (0.9680930000) (-21.2069818375)
continue (0.9693130000) (-21.2162721741)
continue (0.9705340000) (-21.2252684947)
continue (0.9717060283) (-21.2290007948)
continue (0.9717079717) (-21.2339591396)
continue (0.9724930000) (-21.2340581418)
continue (0.9732330000) (-21.2390297162)
continue (0.9739720000) (-21.2438973899)
continue (0.9747120000) (-21.2486608382)
continue (0.9754510000) (-21.2533206617)
continue (0.9761900000) (-21.2578776446)
continue (0.9769300000) (-21.2623327563)
continue (0.9776690000) (-21.2666871525)
continue (0.9784090000) (-21.2709397453)
continue (0.9791190209) (-21.2714027566)
continue (0.9791209791) (-21.2750690858)
continue (0.9796260000) (-21.2739912337)
continue (0.9801050000) (-21.2765607477)
continue (0.9805820000) (-21.2790910485)
continue (0.9810610000) (-21.2815796971)
continue (0.9815390000) (-21.2840292297)
continue (0.9820170000) (-21.2864389003)
continue (0.9824950000) (-21.2888088096)
continue (0.9829730000) (-21.2911399282)
continue (0.9834510000) (-21.2934315587)
continue (0.9838760161) (-21.2927705807)
continue (0.9838779839) (-21.2956778592)
continue (0.9842530000) (-21.2942876332)
continue (0.9845780000) (-21.2957670952)
continue (0.9849010000) (-21.2972292272)
continue (0.9852260000) (-21.2986738366)
continue (0.9855500000) (-21.3001015985)
continue (0.9858740000) (-21.3015114607)
continue (0.9861980000) (-21.3029049779)
continue (0.9865230000) (-21.3042811024)
continue (0.9868470000) (-21.3056414100)
continue (0.9871800128) (-21.3046058917)
continue (0.9871819872) (-21.3069769321)
continue (0.9874070000) (-21.3056062969)
continue (0.9876420000) (-21.3065597449)
continue (0.9878790000) (-21.3075047109)
continue (0.9881150000) (-21.3084411349)
continue (0.9883500000) (-21.3093680716)
continue (0.9885860000) (-21.3102872306)
continue (0.9888220000) (-21.3111976690)
continue (0.9890580000) (-21.3121002187)
continue (0.9892940000) (-21.3129939337)
continue (0.9895390105) (-21.3119363031)
continue (0.9895409895) (-21.3139002280)
continue (0.9991960000) (-21.3413209714)
continue (1.0439530000) (-21.3841551171)
continue (1.0951410000) (-21.4214753947)
continue (1.1489940000) (-21.4530873568)
continue (1.2053800000) (-21.4846561069)
continue (1.2645950000) (-21.5221555237)
continue (1.3266370000) (-21.5600360641)
continue (1.3918850000) (-21.5953372991)
continue (1.4601300000) (-21.6307841426)
continue (1.5320560000) (-21.6710091446)
continue (1.6071730000) (-21.7162466167)
continue (1.6862820000) (-21.7512912644)
continue (1.7691070000) (-21.7838340977)
continue (1.8559410000) (-21.8215986585)
continue (1.9471520000) (-21.8572977543)
continue (2.0427410000) (-21.8921119748)
continue (2.1431490000) (-21.9233595563)
continue (2.2483760000) (-21.9554602396)
continue (2.3583510000) (-21.9812995013)
continue (2.4742520000) (-22.0000000000)
continue (2.5962020000) (-22.0081982012)
continue (2.7234520000) (-22.0219565061)
continue (2.8575320000) (-22.0444565575)
continue (2.9975860024) (-22.3014645074)
continue (2.9975919976) (-22.0611301785)
continue (3.1444680000) (-22.3737623149)
continue (3.2993010000) (-22.4620550407)
continue (3.3154820000) (-22.4738119765)
continue (3.3316770000) (-22.4839064165)
continue (3.3478830000) (-22.4942803839)
continue (3.3640860000) (-22.5046527353)
continue (3.3802960000) (-22.5151963866)
continue (3.3964990000) (-22.5265509867)
continue (3.4127040000) (-22.5390285288)
continue (3.4289090000) (-22.5521553957)
continue (3.4451130000) (-22.5655253098)
continue (3.4609460000) (-22.5790545941)
continue (3.4783170000) (-22.5910362485)
continue (3.4953150000) (-22.6042718301)
continue (3.5123160000) (-22.6179307011)
continue (3.5293200000) (-22.6317633362)
continue (3.5463240000) (-22.6459645900)
continue (3.5540794459) (-22.5578339142)
continue (3.5540865541) (-22.6522797830)
continue (3.5633250000) (-22.5641269792)
continue (3.5803210000) (-22.5765722521)
continue (3.5973240000) (-22.5898100936)
continue (3.6143170000) (-22.6034205936)
continue (3.6319930000) (-22.6172627342)
continue (3.6491550000) (-22.6252040125)
continue (3.6669970000) (-22.6393952275)
continue (3.6848200000) (-22.6542382248)
continue (3.7026670000) (-22.6694665078)
continue (3.7204900000) (-22.6853218703)
continue (3.7383320000) (-22.7016731970)
continue (3.7485232515) (-22.6595558852)
continue (3.7485307485) (-22.7108571641)
continue (3.7561600000) (-22.6664197369)
continue (3.7740030000) (-22.6820619604)
continue (3.7918430000) (-22.6982605127)
continue (3.8096450000) (-22.7148929704)
continue (3.8125290000) (-22.7043163708)
continue (3.8153870000) (-22.7068540940)
continue (3.8182320000) (-22.7094178547)
continue (3.8210820000) (-22.7120057904)
continue (3.8239360000) (-22.7146182444)
continue (3.8267950000) (-22.7172533030)
continue (3.8296410000) (-22.7199112835)
continue (3.8324920000) (-22.7225925102)
continue (3.8353470000) (-22.7252950073)
continue (3.8385261615) (-22.6950788381)
continue (3.8385338385) (-22.7279262125)
continue (3.8430950000) (-22.6994632085)
continue (3.8479630000) (-22.7038900964)
continue (3.8528440000) (-22.7083736688)
continue (3.8577370000) (-22.7129129812)
continue (3.8626100000) (-22.7175070393)
continue (3.8674950000) (-22.7221547953)
continue (3.8723760000) (-22.7268551450)
continue (3.8772530000) (-22.7316116053)
continue (3.8821260000) (-22.7364183696)
continue (3.8876541123) (-22.7180580666)
continue (3.8876618877) (-22.7413627173)
continue (3.8899640000) (-22.7208694122)
continue (3.8929220000) (-22.7237082703)
continue (3.8958850000) (-22.7265611796)
continue (3.8988520000) (-22.7294329538)
continue (3.9018070000) (-22.7323238440)
continue (3.9047660000) (-22.7352293855)
continue (3.9077130000) (-22.7381544967)
continue (3.9106810000) (-22.7410946579)
continue (3.9136370000) (-22.7440548596)
continue (3.9160550839) (-22.7297871451)
continue (3.9160629161) (-22.7471469690)
continue (3.9185010000) (-22.7315484037)
continue (3.9204230000) (-22.7334155529)
continue (3.9223300000) (-22.7352884033)
continue (3.9242380000) (-22.7371693651)
continue (3.9261490000) (-22.7390561276)
continue (3.9280610000) (-22.7409511227)
continue (3.9299750000) (-22.7428520203)
continue (3.9318920000) (-22.7447612747)
continue (3.9338100000) (-22.7466765360)
continue (3.9363540636) (-22.7351821770)
continue (3.9363619364) (-22.7486051500)
continue (3.9370220000) (-22.7363639314)
continue (3.9383150000) (-22.7376367273)
continue (3.9396090000) (-22.7389108838)
continue (3.9409040000) (-22.7401911770)
continue (3.9421990000) (-22.7414704663)
continue (3.9434960000) (-22.7427559369)
continue (3.9447930000) (-22.7440428147)
continue (3.9460920000) (-22.7453335171)
continue (3.9473910000) (-22.7466280667)
continue (3.9482930517) (-22.7370745307)
continue (3.9483009483) (-22.7478754475)
continue (3.9496320000) (-22.7379857976)
continue (3.9505740000) (-22.7389108838)
continue (3.9515160000) (-22.7398379446)
continue (3.9524580000) (-22.7407645978)
continue (3.9534020000) (-22.7416956284)
continue (3.9543450000) (-22.7426262580)
continue (3.9552890000) (-22.7435588862)
continue (3.9562340000) (-22.7444935215)
continue (3.9571780000) (-22.7454301725)
continue (3.9585840414) (-22.7373116557)
continue (3.9585919586) (-22.7464197104)
continue (3.9967810032) (-22.7765040590)
continue (3.9967889968) (-22.7765040590)
continue (4.1935890000) (-22.9657727392)
continue (4.3980070000) (-23.0477404634)
continue (4.6140100000) (-23.0802944655)
continue (4.8420140000) (-23.0975075788)
continue (5.0795260000) (-23.1108103880)
continue (5.3290470000) (-23.1230896887)
continue (5.5905950000) (-23.1345998818)
continue (5.8640090000) (-23.1470932412)
continue (6.1530520000) (-23.1603334431)
continue (6.4537320000) (-23.1737955765)
continue (6.7752190000) (-23.1874877157)
continue (7.1026260000) (-23.2012112860)
continue (7.4571770000) (-23.2150975501)
continue (7.8220340000) (-23.2291479884)
continue (8.2022230000) (-23.2432878398)
continue (8.6049760000) (-23.2575891194)
continue (9.0313870000) (-23.2720522905)
continue (9.4736140000) (-23.2866774950)
continue (9.9396480000) (-23.3016384339)
continue (10.4275890000) (-23.3168628685)
continue (10.9395790000) (-23.3324536605)
continue (11.4769140000) (-23.3485281478)
continue (12.0410540000) (-23.3651198592)
continue (12.6319240000) (-23.3822659646)
continue (13.2528650000) (-23.4001169279)
continue (13.9039820000) (-23.4186193113)
continue (14.5849390000) (-23.4377071355)
continue (15.3025520000) (-23.4575480526)
continue (16.0547390000) (-23.4776862048)
continue (16.8410090000) (-23.4986668214)
continue (17.6704860000) (-23.5202807646)
continue (18.5367570000) (-23.5428753737)
continue (19.4465850000) (-23.5660702344)
continue (20.4045450000) (-23.5897290357)
continue (21.4063180000) (-23.6142150412)
continue (22.4560610000) (-23.6392173101)
continue (23.5591250000) (-23.6649434806)
continue (24.7156760000) (-23.6912222263)
continue (25.9324690000) (-23.7180580666)
continue (27.2019990000) (-23.7454519229)
continue (28.5395230000) (-23.7736579128)
continue (29.9463350000) (-23.8021683067)
continue (31.4121670000) (-23.8315025165)
continue (32.9572140000) (-23.8613815661)
continue (34.5700670000) (-23.8917733436)
continue (36.2765510000) (-23.9222688203)
continue (38.0487250000) (-23.9538952128)
continue (39.9153290000) (-23.9854794612)
continue (41.8780780000) (-24.0178192544)
continue (43.9376550000) (-24.0504148487)
continue (46.0934230000) (-24.0833355355)
continue (48.3687350000) (-24.1165089098)
continue (50.7386950000) (-24.1500280877)
continue (53.2282110000) (-24.1836924006)
continue (55.8374370000) (-24.2175990475)
continue (58.6023780000) (-24.2517344273)
continue (61.4475370000) (-24.2859218350)
continue (64.4916470000) (-24.3202996191)
continue (67.6515940000) (-24.3546759984)
continue (70.9709480000) (-24.3892334052)
continue (74.4499160000) (-24.4221636587)
continue (78.0862870000) (-24.4521022824)
continue (81.9484690000) (-24.4769041617)
continue (85.9685820000) (-24.4975728800)
continue (90.2244530000) (-24.5139948136)
continue (94.6279310000) (-24.5225893121)
continue (99.2773690000) (-24.5298836468)
continue (104.1567000000) (-24.5373025919)
continue (109.2777280000) (-24.5448504788)
continue (114.6391960000) (-24.5525318691)
continue (120.2675160000) (-24.5603515704)
continue (126.1793090000) (-24.5684754158)
continue (132.3746330000) (-24.5769180417)
continue (138.8703090000) (-24.5853608533)
continue (145.6861660000) (-24.5934598196)
continue (152.8458520000) (-24.6013656755)
continue (160.3496340000) (-24.6092414713)
continue (168.2235500000) (-24.6172627342)
continue (176.4995100000) (-24.6250684460)
continue (185.1792260000) (-24.6324577265)
continue (194.2585740000) (-24.6394065864)
continue (203.8172600000) (-24.6462760624)
continue (213.8120530000) (-24.6530605373)
continue (224.3394810000) (-24.6595558852)
continue (235.3478750000) (-24.6657473577)
continue (246.8889110000) (-24.6718243386)
continue (259.0298380000) (-24.6775739476)
continue (271.6955790000) (-24.6834006979)
continue (285.0381520000) (-24.6893066877)
continue (299.0702230000) (-24.6948636811)
continue (313.7971660000) (-24.7004927013)
continue (329.2149460000) (-24.7061956401)
continue (345.3076810000) (-24.7124221909)
continue (362.3327920000) (-24.7189666328)
continue (380.1697830000) (-24.7265357274)
continue (398.8039260000) (-24.7354182708)
continue (418.3962220000) (-24.7456936677)
continue (438.9532610000) (-24.7577070950)
continue (460.4684040000) (-24.7710865940)
continue (483.1744280000) (-24.7859513206)
continue (506.8225640000) (-24.8002448227)
continue (531.6610100000) (-24.8121973613)
continue (557.6909250000) (-24.8198741248)
continue (585.2710150000) (-24.8247781997)
continue (614.0613010000) (-24.8297382846)
continue (644.0049260000) (-24.8344589233)
continue (675.5129510000) (-24.8386319978)
continue (709.1571760000) (-24.8431480989)
continue (743.8914050000) (-24.8477116556)
continue (780.1943240000) (-24.8523236758)
continue (818.7484010000) (-24.8566728700)
continue (858.8755620000) (-24.8613815661)
continue (901.3520980000) (-24.8655041442)
continue (945.2976880000) (-24.8696662315)
continue (991.6932970000) (-24.8735438866)
continue (1040.3778640000) (-24.8771290771)
continue (1091.4684040000) (-24.8807441107)
continue (1145.0954650000) (-24.8847224086)
continue (1201.4066850000) (-24.8890737577)
continue (1260.3969170000) (-24.8941493256)
continue (1322.2097660000) (-24.9003193589)
continue (1387.2232770000) (-24.9076303004)
continue (1455.2331060000) (-24.9161391991)
continue (1526.6660590000) (-24.9259153110)
continue (1601.8051870000) (-24.9370421659)
continue (1680.3742780000) (-24.9500071431)
continue (1762.9463550000) (-24.9641701747)
continue (1849.5371850000) (-24.9796387174)
continue (1940.5174000000) (-24.9965394679)
continue (2035.8958240000) (-25.0145286167)
continue (2135.6151180000) (-25.0334359159)
continue (2240.6367610000) (-25.0532039727)
continue (2350.4435670000) (-25.0738634289)
continue (2466.2164300000) (-25.0953385421)
continue (2587.3565330000) (-25.1173616383)
continue (2714.5277650000) (-25.1398417387)
continue (2847.7092840000) (-25.1629168492)
continue (2987.7605600000) (-25.1864857285)
continue (3133.6553330000) (-25.2105603154)
continue (3288.5852430000) (-25.2352262831)
continue (3449.1558320000) (-25.2603485563)
continue (3619.0110040000) (-25.2860896459)
continue (3796.9457120000) (-25.3122927204)
continue (3982.8101870000) (-25.3388501428)
continue (4178.2071110000) (-25.3658251282)
continue (4383.1985130000) (-25.3930814741)
continue (4600.0351880000) (-25.4209026734)
continue (4826.6259050000) (-25.4491603949)
continue (5062.5942820000) (-25.4776862048)
continue (5310.4135830000) (-25.5065419490)
continue (5573.4982920000) (-25.5358086294)
continue (5845.2018650000) (-25.5654310960)
continue (6132.3483900000) (-25.5956795328)
continue (6435.5012060000) (-25.6261688549)
continue (6750.1257100000) (-25.6571826854)
continue (7080.5514440000) (-25.6886700477)
continue (7426.7886780000) (-25.7205612117)
continue (7795.2692110000) (-25.7525177393)
continue (8180.1343880000) (-25.7848914189)
continue (8580.6682750000) (-25.8178707859)
continue (8995.7252800000) (-25.8507808873)
continue (9442.2025780000) (-25.8843894883)
continue (9905.0757700000) (-25.9179330657)
continue (10391.9143670000) (-25.9515581964)
continue (10902.9309740000) (-25.9854794612)
continue (11438.0189630000) (-26.0194966818)
continue (11999.8284280000) (-26.0536460028)
continue (12588.2990860000) (-26.0881502035)
continue (13206.7676930000) (-26.1231473524)
continue (13855.3591430000) (-26.1582652210)
continue (14536.0818440000) (-26.1936164982)
continue (15251.3300560000) (-26.2293688722)
continue (15998.3667630000) (-26.2652801583)
continue (16785.1716860000) (-26.3016384339)
continue (17609.0235910000) (-26.3384712599)
continue (18476.6214680000) (-26.3758210743)
continue (19380.4119700000) (-26.4139756176)
continue (20336.2412590000) (-26.4525945403)
continue (21331.1556840000) (-26.4918744639)
continue (22378.8548830000) (-26.5319482085)
continue (23480.2105340000) (-26.5730010412)
continue (24635.4952910000) (-26.6149302237)
continue (25844.2135800000) (-26.6577747706)
continue (27112.9714610000) (-26.7015836199)
continue (28441.5409120000) (-26.7464197104)
continue (29838.4731770000) (-26.7926349625)
continue (31304.2587020000) (-26.8395314689)
continue (32838.4493990000) (-26.8880657237)
continue (34452.4374600000) (-26.9374180158)
continue (36147.0436660000) (-26.9880068853)
continue (37922.0545490000) (-27.0402909758)
continue (39793.3175030000) (-27.0939344552)
continue (41743.7916090000) (-27.1496601454)
continue (43789.8592420000) (-27.2069083998)
continue (45953.9571770000) (-27.2657603956)
continue (48189.6864520000) (-27.3262420635)
continue (50569.7542070000) (-27.3884891129)
continue (53042.3149490000) (-27.4528408787)
continue (55666.8888710000) (-27.5189875790)
continue (58377.1281750000) (-27.5873714795)
continue (61241.0598670000) (-27.6587633768)
continue (64264.2433580000) (-27.7325935812)
continue (67401.4031670000) (-27.8091082831)
continue (70750.5412120000) (-27.8887374863)
continue (74207.4080470000) (-27.9706162223)
continue (77819.5534430000) (-28.0555666823)
continue (81654.7464890000) (-28.1433919316)
continue (85725.9615070000) (-28.2342569586)
continue (89868.5375560000) (-28.3293831136)
continue (94314.5281330000) (-28.4274769022)
continue (98943.2107290000) (-28.5294425148)
continue (103800.7712510000) (-28.6354490046)
continue (108899.0165890000) (-28.7447274949)
continue (114251.1247260000) (-28.8588639099)
continue (119856.2371190000) (-28.9767475404)
continue (125744.0279860000) (-29.0985416786)
continue (131933.8310140000) (-29.2262866747)
continue (138406.2835380000) (-29.3569423162)
continue (145198.6887850000) (-29.4914702810)
continue (152334.8329680000) (-29.6294869104)
continue (159815.3228370000) (-29.7677664789)
continue (167666.4159740000) (-29.9034375616)
continue (175886.3097500000) (-30.0269645593)
continue (184541.7113840000) (-30.1301231867)
continue (193598.2517140000) (-30.2103487912)
continue (203090.4771150000) (-30.2621714941)
continue (213112.0137550000) (-30.2975694636)
continue (223568.9329780000) (-30.3330142817)
continue (234560.3528490000) (-30.3683533370)
continue (246022.4003280000) (-30.4038429191)
continue (258149.2835170000) (-30.4392566989)
continue (270807.4207480000) (-30.4745664466)
continue (284149.3516730000) (-30.5100415206)
continue (298091.9106370000) (-30.5454600150)
continue (312720.3057020000) (-30.5808706923)
continue (328029.8671050000) (-30.6161846340)
continue (344134.0524230000) (-30.6515004297)
continue (361040.7966780000) (-30.6869768897)
continue (378747.7019190000) (-30.7223907857)
continue (397412.5472380000) (-30.7577070950)
continue (416865.0369700000) (-30.7931741240)
continue (437478.1424950000) (-30.8285660991)
continue (458845.4032310000) (-30.8639139026)
continue (481387.7289050000) (-30.8992849134)
continue (505136.9017830000) (-30.9347938719)
continue (529806.3783820000) (-30.9702105292)
continue (555989.6100160000) (-31.0055948533)
continue (583397.5485380000) (-31.0410063350)
continue (611999.3088090000) (-31.0763933570)
continue (3672982.5506509999) (-32.1519957285)
continue (3709712.3761575101) (-50.0000000000)
continue (7354000.0000000000) (-50.0000000000)
f(nu) = -20.2428805659 at 1.0000000000 Ryd
