# NA
# z = 2.479000
# E [Ryd] log (J_nu)
interpolate (0.0000000100) (-50.0000000000)
continue (0.0007811100) (-50.0000000000)
continue (0.0007890000) (-17.7731424297)
continue (0.0008280000) (-17.7945249633)
continue (0.0008680000) (-17.8173000967)
continue (0.0009110000) (-17.8416375079)
continue (0.0009560000) (-17.8671002301)
continue (0.0010030000) (-17.8931294555)
continue (0.0010520000) (-17.9197343727)
continue (0.0011030000) (-17.9473060581)
continue (0.0011580000) (-17.9755143323)
continue (0.0012150000) (-18.0043209395)
continue (0.0012740000) (-18.0332952233)
continue (0.0013370000) (-18.0624821080)
continue (0.0014020000) (-18.0919977988)
continue (0.0014710000) (-18.1219380187)
continue (0.0015430000) (-18.1522423116)
continue (0.0016190000) (-18.1825668559)
continue (0.0016990000) (-18.2128230075)
continue (0.0017820000) (-18.2429077799)
continue (0.0018700000) (-18.2728655762)
continue (0.0019620000) (-18.3026834583)
continue (0.0020580000) (-18.3324536605)
continue (0.0021590000) (-18.3621101834)
continue (0.0022650000) (-18.3916879573)
continue (0.0023770000) (-18.4211316713)
continue (0.0024930000) (-18.4501388115)
continue (0.0026160000) (-18.4786003719)
continue (0.0027440000) (-18.5066813918)
continue (0.0028790000) (-18.5343197884)
continue (0.0030200000) (-18.5614576512)
continue (0.0031690000) (-18.5880437621)
continue (0.0033250000) (-18.6140364294)
continue (0.0034870000) (-18.6394065864)
continue (0.0036580000) (-18.6641410887)
continue (0.0038390000) (-18.6878226436)
continue (0.0040270000) (-18.7108571641)
continue (0.0042250000) (-18.7328282716)
continue (0.0044320000) (-18.7535014192)
continue (0.0046490000) (-18.7734000948)
continue (0.0048780000) (-18.7926349625)
continue (0.0051190000) (-18.8119156263)
continue (0.0053700000) (-18.8312079797)
continue (0.0056320000) (-18.8501653033)
continue (0.0059100000) (-18.8693446510)
continue (0.0061990000) (-18.8887374863)
continue (0.0065040000) (-18.9086848403)
continue (0.0068260000) (-18.9292235372)
continue (0.0071580000) (-18.9500071431)
continue (0.0075130000) (-18.9722427953)
continue (0.0078830000) (-18.9939620450)
continue (0.0082690000) (-19.0141246427)
continue (0.0086700000) (-19.0319842860)
continue (0.0090940000) (-19.0470139348)
continue (0.0095460000) (-19.0593341275)
continue (0.0100150000) (-19.0694584701)
continue (0.0105070000) (-19.0772226581)
continue (0.0110230000) (-19.0825995320)
continue (0.0115640000) (-19.0854453015)
continue (0.0121320000) (-19.0859743483)
continue (0.0127270000) (-19.0842836621)
continue (0.0133520000) (-19.0805557895)
continue (0.0140090000) (-19.0747394905)
continue (0.0146950000) (-19.0669178376)
continue (0.0154190000) (-19.0567528749)
continue (0.0161740000) (-19.0438796136)
continue (0.0169700000) (-19.0281677201)
continue (0.0178050000) (-19.0095279465)
continue (0.0186770000) (-18.9880068853)
continue (0.0195970000) (-18.9645702618)
continue (0.0205560000) (-18.9393021596)
continue (0.0215680000) (-18.9164973802)
continue (0.0226290000) (-18.8965383779)
continue (0.0237370000) (-18.8771290771)
continue (0.0249050000) (-18.8591778199)
continue (0.0261260000) (-18.8422411140)
continue (0.0274070000) (-18.8262311769)
continue (0.0287560000) (-18.8105096863)
continue (0.0301640000) (-18.7942544591)
continue (0.0316520000) (-18.7762445463)
continue (0.0332090000) (-18.7562180839)
continue (0.0348340000) (-18.7332980331)
continue (0.0365530000) (-18.7075224063)
continue (0.0383370000) (-18.6831912479)
continue (0.0402330000) (-18.6681679556)
continue (0.0422080000) (-18.6605485587)
continue (0.0442790000) (-18.6550185861)
continue (0.0464460000) (-18.6509168312)
continue (0.0487310000) (-18.6495581435)
continue (0.0511370000) (-18.6526699847)
continue (0.0536350000) (-18.6623411090)
continue (0.0562510000) (-18.6759234203)
continue (0.0590200000) (-18.6893066877)
continue (0.0619490000) (-18.6996219351)
continue (0.0649510000) (-18.7068585165)
continue (0.0681580000) (-18.7142177262)
continue (0.0715280000) (-18.7233084712)
continue (0.0750010000) (-18.7335331046)
continue (0.0786930000) (-18.7452103126)
continue (0.0825420000) (-18.7584535194)
continue (0.0866220000) (-18.7739158840)
continue (0.0908540000) (-18.7912899801)
continue (0.0953510000) (-18.8071538848)
continue (0.1000290000) (-18.8247781997)
continue (0.1049480000) (-18.8413360192)
continue (0.1100960000) (-18.8551145817)
continue (0.1155110000) (-18.8693446510)
continue (0.1211790000) (-18.8840568231)
continue (0.1271300000) (-18.8979094745)
continue (0.1333820000) (-18.9104481171)
continue (0.1399370000) (-18.9244530386)
continue (0.1467890000) (-18.9389246764)
continue (0.1540080000) (-18.9550684539)
continue (0.1615720000) (-18.9726503922)
continue (0.1695070000) (-18.9918258160)
continue (0.1778430000) (-19.0120210841)
continue (0.1865820000) (-19.0317973319)
continue (0.1957190000) (-19.0553692981)
continue (0.2053330000) (-19.0850753518)
continue (0.2154300000) (-19.1176462536)
continue (0.2260090000) (-19.1549019600)
continue (0.2371240000) (-19.1886261029)
continue (0.2487760000) (-19.2049546296)
continue (0.2609580000) (-19.2132485779)
continue (0.2738180000) (-19.2235894112)
continue (0.2872850000) (-19.2341080236)
continue (0.3013450000) (-19.2453459307)
continue (0.3161930000) (-19.2567254765)
continue (0.3317320000) (-19.2675258227)
continue (0.3479450000) (-19.2784366816)
continue (0.3650910000) (-19.2878555858)
continue (0.3830460000) (-19.2989503693)
continue (0.4017930000) (-19.3135424895)
continue (0.4214930000) (-19.3291050465)
continue (0.4421480000) (-19.3478503946)
continue (0.4639850000) (-19.3686577135)
continue (0.4867880000) (-19.3929741216)
continue (0.5105140000) (-19.4206737962)
continue (0.5357240000) (-19.4517334548)
continue (0.5621630000) (-19.4850539947)
continue (0.5898170000) (-19.5159850373)
continue (0.6186470000) (-19.5516028965)
continue (0.6490510000) (-19.5987718325)
continue (0.6810660000) (-19.6532559454)
continue (0.7141590000) (-19.7191940716)
continue (0.7493962506) (-19.9742846161)
continue (0.7493977494) (-19.7796303675)
continue (0.7862530000) (-20.0727323192)
continue (0.8246760000) (-20.2165252124)
continue (0.8288690000) (-20.2391630235)
continue (0.8329220000) (-20.2586458827)
continue (0.8369690000) (-20.2782190530)
continue (0.8410250000) (-20.2978771978)
continue (0.8450720000) (-20.3176346721)
continue (0.8491280000) (-20.3373384791)
continue (0.8531740000) (-20.3570786721)
continue (0.8572270000) (-20.3768727428)
continue (0.8612780000) (-20.3972923074)
continue (0.8654010000) (-20.4183916340)
continue (0.8695790000) (-20.4467385318)
continue (0.8738320000) (-20.4739464686)
continue (0.8780760000) (-20.4996962724)
continue (0.8823270000) (-20.5258391193)
continue (0.8865760000) (-20.5524171883)
continue (0.8881731118) (-20.5380515048)
continue (0.8881748882) (-20.5641556340)
continue (0.8908310000) (-20.5532966648)
continue (0.8950840000) (-20.5801730728)
continue (0.8993330000) (-20.6065511553)
continue (0.9035780000) (-20.6333865554)
continue (0.9076360000) (-20.6607473660)
continue (0.9122890000) (-20.6983320602)
continue (0.9167470000) (-20.7347976190)
continue (0.9212070000) (-20.7694795537)
continue (0.9256660000) (-20.8059965667)
continue (0.9301240000) (-20.8446518146)
continue (0.9345830000) (-20.8857661017)
continue (0.9370340630) (-20.8961962790)
continue (0.9370359370) (-20.9097419471)
continue (0.9390420000) (-20.9132807792)
continue (0.9435010000) (-20.9534229010)
continue (0.9479600000) (-20.9962681186)
continue (0.9524110000) (-21.0422969585)
continue (0.9531310000) (-21.0500496759)
continue (0.9538450000) (-21.0585004932)
continue (0.9545580000) (-21.0668545119)
continue (0.9552720000) (-21.0751095128)
continue (0.9559850000) (-21.0832660876)
continue (0.9566990000) (-21.0913220042)
continue (0.9574110000) (-21.0992762954)
continue (0.9581250000) (-21.1071288163)
continue (0.9588390000) (-21.1148786129)
continue (0.9595300405) (-21.1139607244)
continue (0.9595319595) (-21.1225134719)
continue (0.9607720000) (-21.1265555809)
continue (0.9619920000) (-21.1388277517)
continue (0.9632120000) (-21.1507913347)
continue (0.9644320000) (-21.1624456502)
continue (0.9656530000) (-21.1737878005)
continue (0.9668730000) (-21.1848162172)
continue (0.9680930000) (-21.1955300297)
continue (0.9693130000) (-21.2059283227)
continue (0.9705340000) (-21.2160099990)
continue (0.9717060283) (-21.2198267564)
continue (0.9717079717) (-21.2257750951)
continue (0.9724930000) (-21.2255049320)
continue (0.9732330000) (-21.2310786270)
continue (0.9739720000) (-21.2365390612)
continue (0.9747120000) (-21.2418855502)
continue (0.9754510000) (-21.2471198872)
continue (0.9761900000) (-21.2522410507)
continue (0.9769300000) (-21.2572505238)
continue (0.9776690000) (-21.2621484615)
continue (0.9784090000) (-21.2669352109)
continue (0.9791190209) (-21.2672043017)
continue (0.9791209791) (-21.2716462180)
continue (0.9796260000) (-21.2701252010)
continue (0.9801050000) (-21.2730162012)
continue (0.9805820000) (-21.2758618154)
continue (0.9810610000) (-21.2786634942)
continue (0.9815390000) (-21.2814210916)
continue (0.9820170000) (-21.2841336478)
continue (0.9824950000) (-21.2868027257)
continue (0.9829730000) (-21.2894282603)
continue (0.9834510000) (-21.2920102087)
continue (0.9838760161) (-21.2910694642)
continue (0.9838779839) (-21.2945639534)
continue (0.9842530000) (-21.2927952959)
continue (0.9845780000) (-21.2944604197)
continue (0.9849010000) (-21.2961061876)
continue (0.9852260000) (-21.2977332165)
continue (0.9855500000) (-21.2993404066)
continue (0.9858740000) (-21.3009283826)
continue (0.9861980000) (-21.3024977828)
continue (0.9865230000) (-21.3040483840)
continue (0.9868470000) (-21.3055799640)
continue (0.9871800128) (-21.3043432401)
continue (0.9871819872) (-21.3070649975)
continue (0.9874070000) (-21.3054018200)
continue (0.9876420000) (-21.3064744205)
continue (0.9878790000) (-21.3075382143)
continue (0.9881150000) (-21.3085922462)
continue (0.9883500000) (-21.3096355527)
continue (0.9885860000) (-21.3106707144)
continue (0.9888220000) (-21.3116949964)
continue (0.9890580000) (-21.3127109926)
continue (0.9892940000) (-21.3137168502)
continue (0.9895390105) (-21.3123818704)
continue (0.9895409895) (-21.3147062186)
continue (0.9991960000) (-21.3454384453)
continue (1.0439530000) (-21.3908326257)
continue (1.0951410000) (-21.4286406072)
continue (1.1489940000) (-21.4591701859)
continue (1.2053800000) (-21.4889191545)
continue (1.2645950000) (-21.5259294968)
continue (1.3266370000) (-21.5641556340)
continue (1.3918850000) (-21.5985994592)
continue (1.4601300000) (-21.6345120151)
continue (1.5320560000) (-21.6767478998)
continue (1.6071730000) (-21.7253803809)
continue (1.6862820000) (-21.7609509069)
continue (1.7691070000) (-21.7926349625)
continue (1.8559410000) (-21.8315025165)
continue (1.9471520000) (-21.8680607048)
continue (2.0427410000) (-21.9034375616)
continue (2.1431490000) (-21.9347938719)
continue (2.2483760000) (-21.9685915357)
continue (2.3583510000) (-22.0007389289)
continue (2.4742520000) (-22.0219565061)
continue (2.5962020000) (-22.0335297363)
continue (2.7234520000) (-22.0312369518)
continue (2.8575320000) (-22.0391013227)
continue (2.9975860024) (-22.3220282472)
continue (2.9975919976) (-22.0516848593)
continue (3.1444680000) (-22.3998987443)
continue (3.2993010000) (-22.5003129174)
continue (3.3154820000) (-22.5140373658)
continue (3.3316770000) (-22.5250818539)
continue (3.3478830000) (-22.5371155653)
continue (3.3640860000) (-22.5483256054)
continue (3.3802960000) (-22.5596876959)
continue (3.3964990000) (-22.5720208020)
continue (3.4127040000) (-22.5862963120)
continue (3.4289090000) (-22.6018880448)
continue (3.4451130000) (-22.6180586502)
continue (3.4609460000) (-22.6345120151)
continue (3.4783170000) (-22.6513797551)
continue (3.4953150000) (-22.6677292303)
continue (3.5123160000) (-22.6848003190)
continue (3.5293200000) (-22.7020776158)
continue (3.5463240000) (-22.7199295139)
continue (3.5540794459) (-22.6010189333)
continue (3.5540865541) (-22.7279262125)
continue (3.5633250000) (-22.6083117100)
continue (3.5803210000) (-22.6230910623)
continue (3.5973240000) (-22.6392740844)
continue (3.6143170000) (-22.6561012551)
continue (3.6319930000) (-22.6732546204)
continue (3.6491550000) (-22.6839478387)
continue (3.6669970000) (-22.7006256467)
continue (3.6848200000) (-22.7184144522)
continue (3.7026670000) (-22.7368541205)
continue (3.7204900000) (-22.7564014529)
continue (3.7383320000) (-22.7768468534)
continue (3.7485232515) (-22.7194216296)
continue (3.7485307485) (-22.7886124471)
continue (3.7561600000) (-22.7278194509)
continue (3.7740030000) (-22.7472901400)
continue (3.7918430000) (-22.7678300885)
continue (3.8096450000) (-22.7891466347)
continue (3.8125290000) (-22.7764884839)
continue (3.8153870000) (-22.7795728489)
continue (3.8182320000) (-22.7826924415)
continue (3.8210820000) (-22.7858425616)
continue (3.8239360000) (-22.7890237133)
continue (3.8267950000) (-22.7922391052)
continue (3.8296410000) (-22.7954839043)
continue (3.8324920000) (-22.7987613265)
continue (3.8353470000) (-22.8020691766)
continue (3.8385261615) (-22.7609509069)
continue (3.8385338385) (-22.8054856581)
continue (3.8430950000) (-22.7662172849)
continue (3.8479630000) (-22.7715021157)
continue (3.8528440000) (-22.7768676375)
continue (3.8577370000) (-22.7823108015)
continue (3.8626100000) (-22.7878363757)
continue (3.8674950000) (-22.7934412568)
continue (3.8723760000) (-22.7991276236)
continue (3.8772530000) (-22.8048922042)
continue (3.8821260000) (-22.8107399487)
continue (3.8876541123) (-22.7854210464)
continue (3.8876618877) (-22.8167301563)
continue (3.8899640000) (-22.7887085524)
continue (3.8929220000) (-22.7921153056)
continue (3.8958850000) (-22.7955517063)
continue (3.8988520000) (-22.7990127808)
continue (3.9018070000) (-22.8025044159)
continue (3.9047660000) (-22.8060243507)
continue (3.9077130000) (-22.8095730477)
continue (3.9106810000) (-22.8131481563)
continue (3.9136370000) (-22.8167557876)
continue (3.9160550839) (-22.7969671130)
continue (3.9160629161) (-22.8204482088)
continue (3.9185010000) (-22.7992206139)
continue (3.9204230000) (-22.8014748707)
continue (3.9223300000) (-22.8037408895)
continue (3.9242380000) (-22.8060187938)
continue (3.9261490000) (-22.8083087089)
continue (3.9280610000) (-22.8106079541)
continue (3.9299750000) (-22.8129222598)
continue (3.9318920000) (-22.8152461261)
continue (3.9338100000) (-22.8175853476)
continue (3.9363540636) (-22.8016178700)
continue (3.9363619364) (-22.8198741248)
continue (3.9370220000) (-22.8032353868)
continue (3.9383150000) (-22.8047758271)
continue (3.9396090000) (-22.8063245312)
continue (3.9409040000) (-22.8078759875)
continue (3.9421990000) (-22.8094330060)
continue (3.9434960000) (-22.8109956267)
continue (3.9447930000) (-22.8125638902)
continue (3.9460920000) (-22.8141406682)
continue (3.9473910000) (-22.8157203506)
continue (3.9482930517) (-22.8027194419)
continue (3.9483009483) (-22.8173000967)
continue (3.9496320000) (-22.8037519453)
continue (3.9505740000) (-22.8048755770)
continue (3.9515160000) (-22.8060021234)
continue (3.9524580000) (-22.8071315996)
continue (3.9534020000) (-22.8082640209)
continue (3.9543450000) (-22.8093994027)
continue (3.9552890000) (-22.8105349530)
continue (3.9562340000) (-22.8116762952)
continue (3.9571780000) (-22.8128206447)
continue (3.9585840414) (-22.8018930011)
continue (3.9585919586) (-22.8138916202)
continue (3.9967810032) (-22.8501653033)
continue (3.9967889968) (-22.8501653033)
continue (4.1935890000) (-23.0560111249)
continue (4.3980070000) (-23.1469713853)
continue (4.6140100000) (-23.1817741064)
continue (4.8420140000) (-23.1987335295)
continue (5.0795260000) (-23.2111248842)
continue (5.3290470000) (-23.2222108126)
continue (5.5905950000) (-23.2318801058)
continue (5.8640090000) (-23.2424521465)
continue (6.1530520000) (-23.2541448048)
continue (6.4537320000) (-23.2658404868)
continue (6.7752190000) (-23.2778598745)
continue (7.1026260000) (-23.2897133523)
continue (7.4571770000) (-23.3017254233)
continue (7.8220340000) (-23.3139002280)
continue (8.2022230000) (-23.3260580014)
continue (8.6049760000) (-23.3383765908)
continue (9.0313870000) (-23.3509573659)
continue (9.4736140000) (-23.3636124142)
continue (9.9396480000) (-23.3764406100)
continue (10.4275890000) (-23.3896592885)
continue (10.9395790000) (-23.4031830641)
continue (11.4769140000) (-23.4171415378)
continue (12.0410540000) (-23.4316809149)
continue (12.6319240000) (-23.4467239539)
continue (13.2528650000) (-23.4624327428)
continue (13.9039820000) (-23.4788619163)
continue (14.5849390000) (-23.4958010815)
continue (15.3025520000) (-23.5134278495)
continue (16.0547390000) (-23.5318004139)
continue (16.8410090000) (-23.5509846837)
continue (17.6704860000) (-23.5702477200)
continue (18.5367570000) (-23.5902358957)
continue (19.4465850000) (-23.6113660306)
continue (20.4045450000) (-23.6332036167)
continue (21.4063180000) (-23.6552148774)
continue (22.4560610000) (-23.6784015695)
continue (23.5591250000) (-23.7020207558)
continue (24.7156760000) (-23.7263044121)
continue (25.9324690000) (-23.7512912644)
continue (27.2019990000) (-23.7767637269)
continue (28.5395230000) (-23.8032712774)
continue (29.9463350000) (-23.8303255659)
continue (31.4121670000) (-23.8579235389)
continue (32.9572140000) (-23.8860566477)
continue (34.5700670000) (-23.9150664251)
continue (36.2765510000) (-23.9446216686)
continue (38.0487250000) (-23.9746941347)
continue (39.9153290000) (-24.0053749462)
continue (41.8780780000) (-24.0366372339)
continue (43.9376550000) (-24.0683895936)
continue (46.0934230000) (-24.1005625457)
continue (48.3687350000) (-24.1331221857)
continue (50.7386950000) (-24.1659609818)
continue (53.2282110000) (-24.1991455085)
continue (55.8374370000) (-24.2326214759)
continue (58.6023780000) (-24.2663213443)
continue (61.4475370000) (-24.3001622741)
continue (64.4916470000) (-24.3342314493)
continue (67.6515940000) (-24.3683533370)
continue (70.9709480000) (-24.4026339497)
continue (74.4499160000) (-24.4369938129)
continue (78.0862870000) (-24.4694161404)
continue (81.9484690000) (-24.4978461071)
continue (85.9685820000) (-24.5197055400)
continue (90.2244530000) (-24.5364055978)
continue (94.6279310000) (-24.5479067510)
continue (99.2773690000) (-24.5550188879)
continue (104.1567000000) (-24.5624079677)
continue (109.2777280000) (-24.5697636466)
continue (114.6391960000) (-24.5772460587)
continue (120.2675160000) (-24.5850266520)
continue (126.1793090000) (-24.5931193300)
continue (132.3746330000) (-24.6015391504)
continue (138.8703090000) (-24.6099485035)
continue (145.6861660000) (-24.6179829574)
continue (152.8458520000) (-24.6258017421)
continue (160.3496340000) (-24.6337638763)
continue (168.2235500000) (-24.6416843599)
continue (176.4995100000) (-24.6495581435)
continue (185.1792260000) (-24.6569855028)
continue (194.2585740000) (-24.6639407221)
continue (203.8172600000) (-24.6706021206)
continue (213.8120530000) (-24.6773672883)
continue (224.3394810000) (-24.6840296545)
continue (235.3478750000) (-24.6901569953)
continue (246.8889110000) (-24.6961562251)
continue (259.0298380000) (-24.7020207558)
continue (271.6955790000) (-24.7077439286)
continue (285.0381520000) (-24.7135435303)
continue (299.0702230000) (-24.7191940716)
continue (313.7971660000) (-24.7246886455)
continue (329.2149460000) (-24.7302536269)
continue (345.3076810000) (-24.7358908437)
continue (362.3327920000) (-24.7423214251)
continue (380.1697830000) (-24.7493360805)
continue (398.8039260000) (-24.7577070950)
continue (418.3962220000) (-24.7677664789)
continue (438.9532610000) (-24.7796303675)
continue (460.4684040000) (-24.7934439559)
continue (483.1744280000) (-24.8088285443)
continue (506.8225640000) (-24.8239087409)
continue (531.6610100000) (-24.8359447081)
continue (557.6909250000) (-24.8440569820)
continue (585.2710150000) (-24.8489367466)
continue (614.0613010000) (-24.8538719643)
continue (644.0049260000) (-24.8585502266)
continue (675.5129510000) (-24.8629625452)
continue (709.1571760000) (-24.8674201523)
continue (743.8914050000) (-24.8719239873)
continue (780.1943240000) (-24.8761483590)
continue (818.7484010000) (-24.8807441107)
continue (858.8755620000) (-24.8853890158)
continue (901.3520980000) (-24.8897470826)
continue (945.2976880000) (-24.8938091027)
continue (991.6932970000) (-24.8975662943)
continue (1040.3778640000) (-24.9010103606)
continue (1091.4684040000) (-24.9044819577)
continue (1145.0954650000) (-24.9083330424)
continue (1201.4066850000) (-24.9125735430)
continue (1260.3969170000) (-24.9172146297)
continue (1322.2097660000) (-24.9233595563)
continue (1387.2232770000) (-24.9299621334)
continue (1455.2331060000) (-24.9381706927)
continue (1526.6660590000) (-24.9476909004)
continue (1601.8051870000) (-24.9586073148)
continue (1680.3742780000) (-24.9714287473)
continue (1762.9463550000) (-24.9850596502)
continue (1849.5371850000) (-25.0006084383)
continue (1940.5174000000) (-25.0172314227)
continue (2035.8958240000) (-25.0349865497)
continue (2135.6151180000) (-25.0536951450)
continue (2240.6367610000) (-25.0733489229)
continue (2350.4435670000) (-25.0938805425)
continue (2466.2164300000) (-25.1152612622)
continue (2587.3565330000) (-25.1371533400)
continue (2714.5277650000) (-25.1595802223)
continue (2847.7092840000) (-25.1825007381)
continue (2987.7605600000) (-25.2060001990)
continue (3133.6553330000) (-25.2299584457)
continue (3288.5852430000) (-25.2544567980)
continue (3449.1558320000) (-25.2795925992)
continue (3619.0110040000) (-25.3052193640)
continue (3796.9457120000) (-25.3313345845)
continue (3982.8101870000) (-25.3578323656)
continue (4178.2071110000) (-25.3846813434)
continue (4383.1985130000) (-25.4118403836)
continue (4600.0351880000) (-25.4396150770)
continue (4826.6259050000) (-25.4677553564)
continue (5062.5942820000) (-25.4962093169)
continue (5310.4135830000) (-25.5250556645)
continue (5573.4982920000) (-25.5542401635)
continue (5845.2018650000) (-25.5838589688)
continue (6132.3483900000) (-25.6140364294)
continue (6435.5012060000) (-25.6443569498)
continue (6750.1257100000) (-25.6753060861)
continue (7080.5514440000) (-25.7068585165)
continue (7426.7886780000) (-25.7384992268)
continue (7795.2692110000) (-25.7705741521)
continue (8180.1343880000) (-25.8029952720)
continue (8580.6682750000) (-25.8356471442)
continue (8995.7252800000) (-25.8687022034)
continue (9442.2025780000) (-25.9020489290)
continue (9905.0757700000) (-25.9355420108)
continue (10391.9143670000) (-25.9694002780)
continue (10902.9309740000) (-26.0031382315)
continue (11438.0189630000) (-26.0371100126)
continue (11999.8284280000) (-26.0712457978)
continue (12588.2990860000) (-26.1056839373)
continue (13206.7676930000) (-26.1406214956)
continue (13855.3591430000) (-26.1756788751)
continue (14536.0818440000) (-26.2109836732)
continue (15251.3300560000) (-26.2466467874)
continue (15998.3667630000) (-26.2824959252)
continue (16785.1716860000) (-26.3187587626)
continue (17609.0235910000) (-26.3554629422)
continue (18476.6214680000) (-26.3927594962)
continue (19380.4119700000) (-26.4307431667)
continue (20336.2412590000) (-26.4691602214)
continue (21331.1556840000) (-26.5083582065)
continue (22378.8548830000) (-26.5482135645)
continue (23480.2105340000) (-26.5890541413)
continue (24635.4952910000) (-26.6309697782)
continue (25844.2135800000) (-26.6734593315)
continue (27112.9714610000) (-26.7171513972)
continue (28441.5409120000) (-26.7619538969)
continue (29838.4731770000) (-26.8077113874)
continue (31304.2587020000) (-26.8548035939)
continue (32838.4493990000) (-26.9027426903)
continue (34452.4374600000) (-26.9519468269)
continue (36147.0436660000) (-27.0025262412)
continue (37922.0545490000) (-27.0543345006)
continue (39793.3175030000) (-27.1077383931)
continue (41743.7916090000) (-27.1632962009)
continue (43789.8592420000) (-27.2202592488)
continue (45953.9571770000) (-27.2788491563)
continue (48189.6864520000) (-27.3391345220)
continue (50569.7542070000) (-27.4009907602)
continue (53042.3149490000) (-27.4649591867)
continue (55666.8888710000) (-27.5309147009)
continue (58377.1281750000) (-27.5989442742)
continue (61241.0598670000) (-27.6699922991)
continue (64264.2433580000) (-27.7432822540)
continue (67401.4031670000) (-27.8195873672)
continue (70750.5412120000) (-27.8989406451)
continue (74207.4080470000) (-27.9800533183)
continue (77819.5534430000) (-28.0649968485)
continue (81654.7464890000) (-28.1524273409)
continue (85725.9615070000) (-28.2429077799)
continue (89868.5375560000) (-28.3377144843)
continue (94314.5281330000) (-28.4354522882)
continue (98943.2107290000) (-28.5370033880)
continue (103800.7712510000) (-28.6426369694)
continue (108899.0165890000) (-28.7515362824)
continue (114251.1247260000) (-28.8655041442)
continue (119856.2371190000) (-28.9829666607)
continue (125744.0279860000) (-29.1043564952)
continue (131933.8310140000) (-29.2318801058)
continue (138406.2835380000) (-29.3624102142)
continue (145198.6887850000) (-29.4968905633)
continue (152334.8329680000) (-29.6346992514)
continue (159815.3228370000) (-29.7726275577)
continue (167666.4159740000) (-29.9111554373)
continue (175886.3097500000) (-30.0375359539)
continue (184541.7113840000) (-30.1431503213)
continue (193598.2517140000) (-30.2238074853)
continue (203090.4771150000) (-30.2742516670)
continue (213112.0137550000) (-30.3096266931)
continue (223568.9329780000) (-30.3450537734)
continue (234560.3528490000) (-30.3804892792)
continue (246022.4003280000) (-30.4158950296)
continue (258149.2835170000) (-30.4512421714)
continue (270807.4207480000) (-30.4866492012)
continue (284149.3516730000) (-30.5220110237)
continue (298091.9106370000) (-30.5573634742)
continue (312720.3057020000) (-30.5927791071)
continue (328029.8671050000) (-30.6281935415)
continue (344134.0524230000) (-30.6635402662)
continue (361040.7966780000) (-30.6989700043)
continue (378747.7019190000) (-30.7344746648)
continue (397412.5472380000) (-30.7698066211)
continue (416865.0369700000) (-30.8052082423)
continue (437478.1424950000) (-30.8407336689)
continue (458845.4032310000) (-30.8761483590)
continue (481387.7289050000) (-30.9115095298)
continue (505136.9017830000) (-30.9469215565)
continue (529806.3783820000) (-30.9821322810)
continue (555989.6100160000) (-31.0176382984)
continue (583397.5485380000) (-31.0530076593)
continue (611999.3088090000) (-31.0884162990)
continue (3672982.5506509999) (-32.1640558999)
continue (3709712.3761575101) (-50.0000000000)
continue (7354000.0000000000) (-50.0000000000)
f(nu) = -20.2470440273 at 1.0000000000 Ryd
