# NA
# z = 2.520000
# E [Ryd] log (J_nu)
interpolate (0.0000000100) (-50.0000000000)
continue (0.0989980200) (-50.0000000000)
continue (0.0999980000) (-18.7547846168)
continue (0.1499960000) (-18.8627430088)
continue (0.1999950000) (-19.0146749627)
continue (0.2499940000) (-19.1658389240)
continue (0.2999930000) (-19.1679228316)
continue (0.3499910000) (-19.1685051471)
continue (0.3999900000) (-19.1622347667)
continue (0.4499890000) (-19.1633849460)
continue (0.4999880000) (-19.1748098630)
continue (0.5499860000) (-19.1850624744)
continue (0.5999850000) (-19.1946402497)
continue (0.6499840000) (-19.2110956987)
continue (0.6999830000) (-19.2554760006)
continue (0.7499810000) (-19.5624808349)
continue (0.7999800000) (-19.6929640721)
continue (0.8499790000) (-19.8402475249)
continue (0.8999780000) (-20.0209539602)
continue (0.9499770000) (-20.3422016359)
continue (1.0099750000) (-21.4138531786)
continue (1.0599740000) (-21.4565300752)
continue (1.1099730000) (-21.4942589394)
continue (1.1599710000) (-21.5344215973)
continue (1.2099700000) (-21.5502091959)
continue (1.2599690000) (-21.5758276581)
continue (1.3099680000) (-21.6022634200)
continue (1.3599660000) (-21.6230558368)
continue (1.4099650000) (-21.6417257375)
continue (1.4599640000) (-21.6814469812)
continue (1.5099630000) (-21.6826477095)
continue (1.5599610000) (-21.7204150916)
continue (1.6099600000) (-21.7430907629)
continue (1.6599590000) (-21.7680397026)
continue (1.7099580000) (-21.7810763862)
continue (1.7599560000) (-21.8047697963)
continue (1.8099550000) (-21.8332497444)
continue (1.8599540000) (-21.8570311891)
continue (1.9099530000) (-21.8783699048)
continue (1.9599520000) (-21.9071273049)
continue (1.9999510000) (-21.9222012645)
continue (2.0099500000) (-21.9170799960)
continue (2.0199500000) (-21.9310515245)
continue (2.0299500000) (-21.9330809443)
continue (2.0399500000) (-21.9293310656)
continue (2.0499490000) (-21.9404065371)
continue (2.0599490000) (-21.9369254167)
continue (2.0699490000) (-21.9433466342)
continue (2.0799490000) (-21.9516792849)
continue (2.0899480000) (-21.9396363818)
continue (2.0999480000) (-21.9560268749)
continue (2.1099480000) (-21.9661352955)
continue (2.1199480000) (-21.9498211310)
continue (2.1299470000) (-21.9643178105)
continue (2.1399470000) (-21.9749495560)
continue (2.1499470000) (-21.9587430548)
continue (2.1599470000) (-21.9701597827)
continue (2.1699460000) (-21.9881963717)
continue (2.1799460000) (-21.9736297682)
continue (2.1899460000) (-21.9744503000)
continue (2.1999460000) (-21.9877001020)
continue (2.2099450000) (-21.9799167561)
continue (2.2199450000) (-21.9806251985)
continue (2.2299450000) (-21.9980743124)
continue (2.2399450000) (-21.9843529467)
continue (2.2499440000) (-21.9907496796)
continue (2.2599440000) (-21.9979934050)
continue (2.2699440000) (-21.9869650233)
continue (2.2799440000) (-22.0006122669)
continue (2.2899430000) (-22.0059372355)
continue (2.2999430000) (-21.9839364078)
continue (2.3099430000) (-22.0045732534)
continue (2.3199430000) (-22.0110596044)
continue (2.3299420000) (-21.9845966845)
continue (2.3399420000) (-22.0067562775)
continue (2.3499420000) (-22.0136521786)
continue (2.3599420000) (-21.9833734482)
continue (2.3699410000) (-22.0078567617)
continue (2.3799410000) (-22.0115489541)
continue (2.3899410000) (-21.9845618939)
continue (2.3999410000) (-22.0040026852)
continue (2.4099400000) (-22.0043906859)
continue (2.4199400000) (-21.9859595342)
continue (2.4299400000) (-21.9951286008)
continue (2.4399400000) (-21.9994456385)
continue (2.4499390000) (-21.9877440729)
continue (2.4599390000) (-21.9823551786)
continue (2.4699390000) (-22.0029207491)
continue (2.4799390000) (-21.9829279403)
continue (2.4899380000) (-21.9790199197)
continue (2.4999380000) (-22.0000406856)
continue (2.5099380000) (-21.9805189604)
continue (2.5199380000) (-21.9804080063)
continue (2.5299370000) (-21.9843429697)
continue (2.5399370000) (-21.9817612387)
continue (2.5499370000) (-21.9734896082)
continue (2.5599370000) (-21.9729392707)
continue (2.5699360000) (-21.9778265578)
continue (2.5799360000) (-21.9689413338)
continue (2.5899360000) (-21.9638725474)
continue (2.5999360000) (-21.9644219669)
continue (2.6099350000) (-21.9641349731)
continue (2.6199350000) (-21.9583672267)
continue (2.6299350000) (-21.9491288872)
continue (2.6399350000) (-21.9546456596)
continue (2.6499340000) (-21.9540539679)
continue (2.6599340000) (-21.9418078553)
continue (2.6699340000) (-21.9422955047)
continue (2.6799340000) (-21.9443388644)
continue (2.6899340000) (-21.9429539245)
continue (2.6999330000) (-21.9339913028)
continue (2.7099330000) (-21.9356188441)
continue (2.7199330000) (-21.9338520298)
continue (2.7299330000) (-21.9258170301)
continue (2.7399320000) (-21.9255928067)
continue (2.7499320000) (-21.9246716859)
continue (2.7599320000) (-21.9250692774)
continue (2.7699320000) (-21.9197734542)
continue (2.7799310000) (-21.9123903890)
continue (2.7899310000) (-21.9142154118)
continue (2.7999310000) (-21.9210456688)
continue (2.8099310000) (-21.9059461510)
continue (2.8199300000) (-21.9042398301)
continue (2.8299300000) (-21.9103461270)
continue (2.8399300000) (-21.8996235137)
continue (2.8499300000) (-21.8961970737)
continue (2.8599290000) (-21.8935990669)
continue (2.8699290000) (-21.9000533305)
continue (2.8799290000) (-21.8870582507)
continue (2.8899290000) (-21.8842104905)
continue (2.8999280000) (-21.8825144969)
continue (2.9099280000) (-21.8856859758)
continue (2.9199280000) (-21.8738217547)
continue (2.9299280000) (-21.8766255050)
continue (2.9399270000) (-21.8691638505)
continue (2.9499270000) (-21.8712908875)
continue (2.9599270000) (-21.8615622899)
continue (2.9699270000) (-21.8664864127)
continue (2.9799260000) (-21.8585402062)
continue (2.9899260000) (-21.8582840439)
continue (2.9999260000) (-21.8639277818)
continue (3.0099260000) (-22.4187185037)
continue (3.0199250000) (-22.4114789531)
continue (3.0299250000) (-22.4129512516)
continue (3.0399250000) (-22.4291082052)
continue (3.0499250000) (-22.4335199200)
continue (3.0599240000) (-22.4336959010)
continue (3.0699240000) (-22.4325069946)
continue (3.0799240000) (-22.4553318208)
continue (3.0899240000) (-22.4582434190)
continue (3.0999230000) (-22.4639151384)
continue (3.1099230000) (-22.4574765846)
continue (3.1199230000) (-22.4781913507)
continue (3.1299230000) (-22.4741402095)
continue (3.1399220000) (-22.4863663694)
continue (3.1499220000) (-22.4791831869)
continue (3.1599220000) (-22.4940405698)
continue (3.1699220000) (-22.4978324556)
continue (3.1799210000) (-22.5025127528)
continue (3.1899210000) (-22.5092238298)
continue (3.1999210000) (-22.5189261943)
continue (3.2099210000) (-22.5240425228)
continue (3.2199200000) (-22.5295059281)
continue (3.2299200000) (-22.5364440888)
continue (3.2399200000) (-22.5501534385)
continue (3.2499200000) (-22.5553101705)
continue (3.2599190000) (-22.5557076255)
continue (3.2699190000) (-22.5708567817)
continue (3.2799190000) (-22.5854458907)
continue (3.2899190000) (-22.5969844101)
continue (3.2999180000) (-22.5875871194)
continue (3.3099180000) (-22.5882075520)
continue (3.3199180000) (-22.6147262926)
continue (3.3299180000) (-22.6212296231)
continue (3.3399170000) (-22.6308623513)
continue (3.3499170000) (-22.6241657131)
continue (3.3599170000) (-22.6434977247)
continue (3.3699170000) (-22.6692358397)
continue (3.3799160000) (-22.6717944752)
continue (3.3899160000) (-22.6673254553)
continue (3.3999160000) (-22.6649318749)
continue (3.4099160000) (-22.7066430399)
continue (3.4199150000) (-22.7058864721)
continue (3.4299150000) (-22.7144096219)
continue (3.4399150000) (-22.6998842127)
continue (3.4499150000) (-22.7076435216)
continue (3.4599140000) (-22.7458082348)
continue (3.4699140000) (-22.7476037483)
continue (3.4799140000) (-22.7511411770)
continue (3.4899140000) (-22.7345421360)
continue (3.4999130000) (-22.7520403461)
continue (3.5099130000) (-22.7981423870)
continue (3.5199130000) (-22.7971526530)
continue (3.5299130000) (-22.7972833928)
continue (3.5399120000) (-22.7958993451)
continue (3.5499120000) (-22.8060007172)
continue (3.5599084401) (-22.7309450179)
continue (3.5599155599) (-22.7309450179)
continue (3.5699120000) (-22.7312232306)
continue (3.5799120000) (-22.7405335232)
continue (3.5899110000) (-22.7394556211)
continue (3.5999110000) (-22.7527013624)
continue (3.6099110000) (-22.7598979755)
continue (3.6199110000) (-22.7695578060)
continue (3.6299100000) (-22.7774533389)
continue (3.6399100000) (-22.7939228552)
continue (3.6499100000) (-22.7969310087)
continue (3.6599100000) (-22.8062126482)
continue (3.6699090000) (-22.8190914491)
continue (3.6799090000) (-22.8169238430)
continue (3.6899090000) (-22.8403550638)
continue (3.6999090000) (-22.8438854561)
continue (3.7099080000) (-22.8479255573)
continue (3.7199080000) (-22.8618486575)
continue (3.7299080000) (-22.8543021131)
continue (3.7399080000) (-22.8806256310)
continue (3.7499032501) (-22.8785060371)
continue (3.7499107499) (-22.8785060371)
continue (3.7599070000) (-22.8313340651)
continue (3.7699070000) (-22.8475732728)
continue (3.7799070000) (-22.8589931954)
continue (3.7899060000) (-22.8648622927)
continue (3.7999060000) (-22.8749387254)
continue (3.8099060000) (-22.8698662359)
continue (3.8199060000) (-22.8830711258)
continue (3.8299050000) (-22.9061990019)
continue (3.8399011601) (-22.8616731496)
continue (3.8399088399) (-22.8616731496)
continue (3.8499050000) (-22.8722819089)
continue (3.8599050000) (-22.8712076046)
continue (3.8699040000) (-22.8787582948)
continue (3.8799040000) (-22.9045979167)
continue (3.8899001101) (-22.8590472956)
continue (3.8899078899) (-22.8590472956)
continue (3.8999040000) (-22.8747181039)
continue (3.9099030000) (-22.8846710511)
continue (3.9199030000) (-22.8879362469)
continue (3.9299030000) (-22.9059414012)
continue (3.9399030000) (-22.9314587591)
continue (3.9499020000) (-22.8966955976)
continue (3.9599020000) (-22.9147302590)
continue (3.9699020000) (-22.9215949963)
continue (3.9799020000) (-22.9261721054)
continue (3.9899010000) (-22.9548349440)
continue (4.0099010000) (-22.9363335520)
continue (4.5098890000) (-23.4471994073)
continue (5.0098760000) (-23.5205118666)
continue (5.5098640000) (-23.5583539034)
continue (6.0098510000) (-23.5964574413)
continue (6.5098390000) (-23.6313620688)
continue (7.0098270000) (-23.6715546436)
continue (7.5098140000) (-23.7111642721)
continue (8.0098020000) (-23.7458464461)
continue (8.5097900000) (-23.7785972684)
continue (9.0097770000) (-23.8087749742)
continue (9.5097650000) (-23.8370472542)
continue (9.9997530000) (-23.8629711320)
continue (10.0097530000) (-23.8634862529)
continue (14.9996290000) (-24.0743176151)
continue (19.9995060000) (-24.1502667443)
continue (24.9993820000) (-24.1747560811)
continue (29.9992580000) (-24.2094954784)
continue (34.9991350000) (-24.2444417474)
continue (39.9990110000) (-24.2725953851)
continue (44.9988880000) (-24.2885687072)
continue (49.9987640000) (-24.2961502437)
continue (54.9986400000) (-24.3039281727)
continue (59.9985170000) (-24.3116684994)
continue (64.9983930000) (-24.3192177238)
continue (69.9982700000) (-24.3265054946)
continue (74.9981460000) (-24.3335049770)
continue (79.9980230000) (-24.3402121553)
continue (84.9978990000) (-24.3466347748)
continue (89.9977750000) (-24.3527863373)
continue (94.9976520000) (-24.3586828140)
continue (99.9975280000) (-24.3643408485)
continue (109.9972810000) (-24.3750062175)
continue (119.9970340000) (-24.3849026156)
continue (129.9967870000) (-24.3941334010)
continue (139.9965390000) (-24.4027854279)
continue (149.9962920000) (-24.4109312260)
continue (159.9960450000) (-24.4186314299)
continue (169.9957980000) (-24.4259369555)
continue (179.9955510000) (-24.4328908104)
continue (189.9953040000) (-24.4395295586)
continue (199.9950560000) (-24.4458844897)
continue (209.9948090000) (-24.4519825519)
continue (219.9945620000) (-24.4578470972)
continue (229.9943150000) (-24.4634984793)
continue (239.9940680000) (-24.4689545354)
continue (249.9938200000) (-24.4742309785)
continue (259.9935730000) (-24.4793417166)
continue (269.9933260000) (-24.4842991156)
continue (279.9930790000) (-24.4891142169)
continue (289.9928320000) (-24.4937969184)
continue (299.9925850000) (-24.4983561253)
continue (309.9923370000) (-24.5027998783)
continue (319.9920900000) (-24.5071354607)
continue (329.9918430000) (-24.5113694904)
continue (339.9915960000) (-24.5155079979)
continue (349.9913490000) (-24.5195564937)
continue (359.9911010000) (-24.5235200261)
continue (369.9908540000) (-24.5274032311)
continue (379.9906070000) (-24.5312103763)
continue (389.9903600000) (-24.5349453984)
continue (399.9901130000) (-24.5386119369)
continue (409.9898660000) (-24.5422133628)
continue (419.9896180000) (-24.5457528045)
continue (429.9893710000) (-24.5492331703)
continue (439.9891240000) (-24.5526571689)
continue (449.9888770000) (-24.5560273270)
continue (459.9886300000) (-24.5593460050)
continue (469.9883820000) (-24.5626154116)
continue (479.9881350000) (-24.5658376164)
continue (489.9878880000) (-24.5690145613)
continue (499.9876410000) (-24.5721480708)
continue (509.9873940000) (-24.5752398611)
continue (519.9871460000) (-24.5782915487)
continue (529.9868990000) (-24.5813046581)
continue (539.9866520000) (-24.5842806282)
continue (549.9864050000) (-24.5872208190)
continue (559.9861580000) (-24.5901265170)
continue (569.9859110000) (-24.5929989406)
continue (579.9856630000) (-24.5958392445)
continue (589.9854160000) (-24.5986485245)
continue (599.9851690000) (-24.6014278212)
continue (609.9849220000) (-24.6041781235)
continue (619.9846750000) (-24.6069003723)
continue (629.9844270000) (-24.6095954632)
continue (639.9841800000) (-24.6122642496)
continue (649.9839330000) (-24.6149075453)
continue (659.9836860000) (-24.6175261269)
continue (669.9834390000) (-24.6201207359)
continue (679.9831920000) (-24.6226920808)
continue (689.9829440000) (-24.6252408393)
continue (699.9826970000) (-24.6277676597)
continue (709.9824500000) (-24.6302731628)
continue (719.9822030000) (-24.6327579433)
continue (729.9819560000) (-24.6352225715)
continue (739.9817080000) (-24.6376675942)
continue (749.9814610000) (-24.6400935363)
continue (759.9812140000) (-24.6425009019)
continue (769.9809670000) (-24.6448901753)
continue (779.9807200000) (-24.6472618221)
continue (789.9804730000) (-24.6496162899)
continue (799.9802250000) (-24.6519540097)
continue (809.9799780000) (-24.6542753964)
continue (819.9797310000) (-24.6565808495)
continue (829.9794840000) (-24.6588707541)
continue (839.9792370000) (-24.6611454814)
continue (849.9789890000) (-24.6634053894)
continue (859.9787420000) (-24.6656508237)
continue (869.9784950000) (-24.6678821177)
continue (879.9782480000) (-24.6700995935)
continue (889.9780010000) (-24.6723035623)
continue (899.9777540000) (-24.6744943249)
continue (909.9775060000) (-24.6766721720)
continue (919.9772590000) (-24.6788373849)
continue (929.9770120000) (-24.6809902356)
continue (939.9767650000) (-24.6831309877)
continue (949.9765180000) (-24.6852598961)
continue (959.9762700000) (-24.6873772079)
continue (969.9760230000) (-24.6894831624)
continue (979.9757760000) (-24.6915779917)
continue (989.9755290000) (-24.6936619206)
continue (999.9752820000) (-24.6957351673)
continue (1199.9703380000) (-24.7352426693)
continue (1399.9653940000) (-24.7717951671)
continue (1599.9604510000) (-24.8061799235)
continue (1799.9555070000) (-24.8389048318)
continue (1999.9505630000) (-24.8703167504)
continue (2199.9456200000) (-24.9006631401)
continue (2399.9406760000) (-24.9301267664)
continue (2599.9357320000) (-24.9588464552)
continue (2799.9307890000) (-24.9869301132)
continue (2999.9258450000) (-25.0144631972)
continue (3199.9209020000) (-25.0415143631)
continue (3399.9159580000) (-25.0681392819)
continue (3599.9110140000) (-25.0943832061)
continue (3799.9060710000) (-25.1202826764)
continue (3999.9011270000) (-25.1458665956)
continue (4199.8961830000) (-25.1711568514)
continue (4399.8912400000) (-25.1961686516)
continue (4599.8862960000) (-25.2209106732)
continue (4799.8813520000) (-25.2453848130)
continue (4999.8764090000) (-25.2695865435)
continue (5199.8714650000) (-25.2935042935)
continue (5399.8665210000) (-25.3171197415)
continue (5599.8615780000) (-25.3404073459)
continue (5799.8566340000) (-25.3633351475)
continue (5999.8516900000) (-25.3858636192)
continue (6199.8467470000) (-25.4079470881)
continue (6399.8418030000) (-25.4295341854)
continue (6599.8368590000) (-25.4505680403)
continue (6799.8319160000) (-25.4709855437)
continue (6999.8269720000) (-25.4907977192)
continue (7199.8220280000) (-25.5100469826)
continue (7399.8170850000) (-25.5287642507)
continue (7599.8121410000) (-25.5469779637)
continue (7799.8071970000) (-25.5647143430)
continue (7999.8022540000) (-25.5819976158)
continue (8199.7973100000) (-25.5988502122)
continue (8399.7923660000) (-25.6152929389)
continue (8599.7874230000) (-25.6313451321)
continue (8799.7824790000) (-25.6470247924)
continue (8999.7775360000) (-25.6623487055)
continue (9199.7725920000) (-25.6773325488)
continue (9399.7676480000) (-25.6919909869)
continue (9599.7627050000) (-25.7063377570)
continue (9799.7577610000) (-25.7203857453)
continue (9999.7528170000) (-25.7341470561)
continue (10199.7478740000) (-25.7476330735)
continue (10399.7429300000) (-25.7608545177)
continue (10599.7379860000) (-25.7738214954)
continue (10799.7330430000) (-25.7865435456)
continue (10999.7280990000) (-25.7990296817)
continue (11499.7157400000) (-25.8292677381)
continue (11999.7033810000) (-25.8582048182)
continue (12499.6910220000) (-25.8859474663)
continue (12999.6786620000) (-25.9125896683)
continue (13499.6663030000) (-25.9382147504)
continue (13999.6539440000) (-25.9628969312)
continue (14499.6415850000) (-25.9867026026)
continue (14999.6292260000) (-26.0096913918)
continue (15499.6168670000) (-26.0319170501)
continue (15999.6045080000) (-26.0534281999)
continue (16499.5921480000) (-26.0742689669)
continue (16999.5797890000) (-26.0944795176)
continue (17499.5674300000) (-26.1140965192)
continue (17999.5550710000) (-26.1331535341)
continue (18499.5427120000) (-26.1516813611)
continue (18999.5303530000) (-26.1697083298)
continue (19499.5179940000) (-26.1872605584)
continue (19999.5056340000) (-26.2043621772)
continue (20499.4932750000) (-26.2210355256)
continue (20999.4809160000) (-26.2373013247)
continue (21499.4685570000) (-26.2531788302)
continue (21999.4561980000) (-26.2686859669)
continue (22499.4438390000) (-26.2838394487)
continue (22999.4314800000) (-26.2986548852)
continue (23499.4191210000) (-26.3131468768)
continue (23999.4067610000) (-26.3273290999)
continue (24499.3944020000) (-26.3412143830)
continue (24999.3820430000) (-26.3548147754)
continue (25499.3696840000) (-26.3681416092)
continue (25999.3573250000) (-26.3812055548)
continue (26499.3449660000) (-26.3940166716)
continue (26999.3326070000) (-26.4065844534)
continue (27499.3202470000) (-26.4189178706)
continue (27999.3078880000) (-26.4310254074)
continue (28499.2955290000) (-26.4429150964)
continue (28999.2831700000) (-26.4545945504)
continue (29499.2708110000) (-26.4660709906)
continue (29999.2584520000) (-26.4773512735)
continue (30499.2460930000) (-26.4884419145)
continue (30999.2337330000) (-26.4993491108)
continue (31499.2213740000) (-26.5100787611)
continue (31999.2090150000) (-26.5206364849)
continue (32499.1966560000) (-26.5310276396)
continue (32999.1842970000) (-26.5412573366)
continue (33499.1719380000) (-26.5513304564)
continue (33999.1595790000) (-26.5612516617)
continue (34499.1472200000) (-26.5710254106)
continue (34999.1348600000) (-26.5806559684)
continue (35499.1225010000) (-26.5901474183)
continue (35999.1101420000) (-26.5995036718)
continue (36499.0977830000) (-26.6087284779)
continue (36999.0854240000) (-26.6178254326)
continue (37499.0730650000) (-26.6267979864)
continue (37999.0607060000) (-26.6356494524)
continue (38499.0483460000) (-26.6443830135)
continue (38999.0359870000) (-26.6530017289)
continue (39499.0236280000) (-26.6615085407)
continue (39999.0112690000) (-26.6699062797)
continue (40498.9989100000) (-26.6781976709)
continue (40998.9865510000) (-26.6863853385)
continue (41498.9741920000) (-26.6944718114)
continue (41998.9618320000) (-26.7024595271)
continue (42498.9494730000) (-26.7103508363)
continue (42998.9371140000) (-26.7181480072)
continue (43498.9247550000) (-26.7258532289)
continue (43998.9123960000) (-26.7334686154)
continue (44498.9000370000) (-26.7409962087)
continue (44998.8876780000) (-26.7484379822)
continue (45498.8753180000) (-26.7557958438)
continue (45998.8629590000) (-26.7630716384)
continue (46498.8506000000) (-26.7702671512)
continue (46998.8382410000) (-26.7773841097)
continue (47498.8258820000) (-26.7844241865)
continue (47998.8135230000) (-26.7913890016)
continue (48498.8011640000) (-26.7982801243)
continue (48998.7888050000) (-26.8050990755)
continue (49498.7764450000) (-26.8118473298)
continue (49998.7640860000) (-26.8185263169)
continue (50498.7517270000) (-26.8251374242)
continue (50998.7393680000) (-26.8316819973)
continue (51498.7270090000) (-26.8381613429)
continue (51998.7146500000) (-26.8445767292)
continue (52498.7022910000) (-26.8509293884)
continue (52998.6899310000) (-26.8572205171)
continue (53498.6775720000) (-26.8634512782)
continue (53998.6652130000) (-26.8696228023)
continue (54498.6528540000) (-26.8757361883)
continue (54998.6404950000) (-26.8817925050)
continue (55498.6281360000) (-26.8877927923)
continue (55998.6157770000) (-26.8937380617)
continue (56498.6034170000) (-26.8996292978)
continue (56998.5910580000) (-26.9054674591)
continue (57498.5786990000) (-26.9112534789)
continue (57998.5663400000) (-26.9169882662)
continue (58498.5539810000) (-26.9226727065)
continue (58998.5416220000) (-26.9283076624)
continue (59498.5292630000) (-26.9338939750)
continue (59998.5169030000) (-26.9394324639)
continue (60498.5045440000) (-26.9449239283)
continue (60998.4921850000) (-26.9503691476)
continue (61498.4798260000) (-26.9557688822)
continue (61998.4674670000) (-26.9611238737)
continue (62498.4551080000) (-26.9664348459)
continue (62998.4427490000) (-26.9717025053)
continue (63498.4303900000) (-26.9769275415)
continue (63998.4180300000) (-26.9821106278)
continue (64498.4056710000) (-26.9872524218)
continue (64998.3933120000) (-26.9923535658)
continue (65498.3809530000) (-26.9974146872)
continue (65998.3685940000) (-27.0024363992)
continue (66498.3562350000) (-27.0074193008)
continue (66998.3438760000) (-27.0123639778)
continue (67498.3315160000) (-27.0172710027)
continue (67998.3191570000) (-27.0221409352)
continue (68498.3067980000) (-27.0269743230)
continue (68998.2944390000) (-27.0317717014)
continue (69498.2820800000) (-27.0365335943)
continue (69998.2697210000) (-27.0412605142)
continue (70498.2573620000) (-27.0459529627)
continue (70998.2450020000) (-27.0506114306)
continue (71498.2326430000) (-27.0552363985)
continue (71998.2202840000) (-27.0598283368)
continue (72498.2079250000) (-27.0643877060)
continue (72998.1955660000) (-27.0689149573)
continue (73498.1832070000) (-27.0734105325)
continue (73998.1708480000) (-27.0778748644)
continue (74498.1584890000) (-27.0823083770)
continue (75243.1400738900) (-50.0000000000)
continue (7354000.0000000000) (-50.0000000000)
f(nu) = -20.1364753067 at 1.0000000000 Ryd
