# NA
# z = 2.480000
# E [Ryd] log (J_nu)
interpolate (0.0000000100) (-50.0000000000)
continue (0.0989980200) (-50.0000000000)
continue (0.0999980000) (-18.7552306745)
continue (0.1499960000) (-18.8622810980)
continue (0.1999950000) (-19.0110214795)
continue (0.2499940000) (-19.1662470264)
continue (0.2999930000) (-19.1721105457)
continue (0.3499910000) (-19.1687285458)
continue (0.3999900000) (-19.1662618931)
continue (0.4499890000) (-19.1651718568)
continue (0.4999880000) (-19.1694781531)
continue (0.5499860000) (-19.1848552978)
continue (0.5999850000) (-19.1965079765)
continue (0.6499840000) (-19.2171920464)
continue (0.6999830000) (-19.2481532496)
continue (0.7499810000) (-19.5756343367)
continue (0.7999800000) (-19.6741221117)
continue (0.8499790000) (-19.8290408925)
continue (0.8999780000) (-20.0277765488)
continue (0.9499770000) (-20.3529675666)
continue (1.0099750000) (-21.4095296992)
continue (1.0599740000) (-21.4511984913)
continue (1.1099730000) (-21.4887145406)
continue (1.1599710000) (-21.5284480471)
continue (1.2099700000) (-21.5468861142)
continue (1.2599690000) (-21.5713028008)
continue (1.3099680000) (-21.5982194906)
continue (1.3599660000) (-21.6239681659)
continue (1.4099650000) (-21.6369684911)
continue (1.4599640000) (-21.6751538804)
continue (1.5099630000) (-21.6818363278)
continue (1.5599610000) (-21.7172234446)
continue (1.6099600000) (-21.7396314196)
continue (1.6599590000) (-21.7699333135)
continue (1.7099580000) (-21.7767510877)
continue (1.7599560000) (-21.8009783259)
continue (1.8099550000) (-21.8279889141)
continue (1.8599540000) (-21.8543781280)
continue (1.9099530000) (-21.8787419482)
continue (1.9599520000) (-21.9048839997)
continue (1.9999510000) (-21.9212532188)
continue (2.0099500000) (-21.9148435669)
continue (2.0199500000) (-21.9273835185)
continue (2.0299500000) (-21.9277975576)
continue (2.0399500000) (-21.9255309672)
continue (2.0499490000) (-21.9396813857)
continue (2.0599490000) (-21.9294441403)
continue (2.0699490000) (-21.9469862335)
continue (2.0799490000) (-21.9492576854)
continue (2.0899480000) (-21.9382627672)
continue (2.0999480000) (-21.9519555330)
continue (2.1099480000) (-21.9601072695)
continue (2.1199480000) (-21.9463746145)
continue (2.1299470000) (-21.9556614407)
continue (2.1399470000) (-21.9700046083)
continue (2.1499470000) (-21.9584131383)
continue (2.1599470000) (-21.9622547480)
continue (2.1699460000) (-21.9787325108)
continue (2.1799460000) (-21.9700246701)
continue (2.1899460000) (-21.9704427306)
continue (2.1999460000) (-21.9813179559)
continue (2.2099450000) (-21.9726274366)
continue (2.2199450000) (-21.9763245395)
continue (2.2299450000) (-21.9851877575)
continue (2.2399450000) (-21.9802048902)
continue (2.2499440000) (-21.9889729553)
continue (2.2599440000) (-21.9857986356)
continue (2.2699440000) (-21.9828647247)
continue (2.2799440000) (-21.9962808484)
continue (2.2899430000) (-21.9910921991)
continue (2.2999430000) (-21.9852803317)
continue (2.3099430000) (-22.0013464409)
continue (2.3199430000) (-21.9970237636)
continue (2.3299420000) (-21.9818055364)
continue (2.3399420000) (-22.0014546176)
continue (2.3499420000) (-22.0014912775)
continue (2.3599420000) (-21.9840958729)
continue (2.3699410000) (-22.0041001828)
continue (2.3799410000) (-22.0031485800)
continue (2.3899410000) (-21.9839385802)
continue (2.3999410000) (-22.0034951266)
continue (2.4099400000) (-21.9917073605)
continue (2.4199400000) (-21.9846143208)
continue (2.4299400000) (-21.9948814658)
continue (2.4399400000) (-21.9849390742)
continue (2.4499390000) (-21.9866565552)
continue (2.4599390000) (-21.9808731011)
continue (2.4699390000) (-21.9905411873)
continue (2.4799390000) (-21.9822496487)
continue (2.4899380000) (-21.9749208541)
continue (2.4999380000) (-21.9902267694)
continue (2.5099380000) (-21.9775313512)
continue (2.5199380000) (-21.9759343208)
continue (2.5299370000) (-21.9776443354)
continue (2.5399370000) (-21.9763895640)
continue (2.5499370000) (-21.9704452833)
continue (2.5599370000) (-21.9657890558)
continue (2.5699360000) (-21.9717266177)
continue (2.5799360000) (-21.9652772010)
continue (2.5899360000) (-21.9537943474)
continue (2.5999360000) (-21.9605341647)
continue (2.6099350000) (-21.9626024183)
continue (2.6199350000) (-21.9571475451)
continue (2.6299350000) (-21.9469459470)
continue (2.6399350000) (-21.9537270178)
continue (2.6499340000) (-21.9529766307)
continue (2.6599340000) (-21.9403959372)
continue (2.6699340000) (-21.9413660113)
continue (2.6799340000) (-21.9432798778)
continue (2.6899340000) (-21.9326644864)
continue (2.6999330000) (-21.9350723630)
continue (2.7099330000) (-21.9360401111)
continue (2.7199330000) (-21.9344737597)
continue (2.7299330000) (-21.9294290993)
continue (2.7399320000) (-21.9235752510)
continue (2.7499320000) (-21.9247600105)
continue (2.7599320000) (-21.9296086237)
continue (2.7699320000) (-21.9171047561)
continue (2.7799310000) (-21.9130416077)
continue (2.7899310000) (-21.9189547556)
continue (2.7999310000) (-21.9094286964)
continue (2.8099310000) (-21.9051105390)
continue (2.8199300000) (-21.9062551918)
continue (2.8299300000) (-21.9123656596)
continue (2.8399300000) (-21.8993478378)
continue (2.8499300000) (-21.8980631138)
continue (2.8599290000) (-21.8956768531)
continue (2.8699290000) (-21.9011918428)
continue (2.8799290000) (-21.8881041930)
continue (2.8899290000) (-21.8895428828)
continue (2.8999280000) (-21.8823525953)
continue (2.9099280000) (-21.8894566701)
continue (2.9199280000) (-21.8767270883)
continue (2.9299280000) (-21.8803406040)
continue (2.9399270000) (-21.8695312518)
continue (2.9499270000) (-21.8755215616)
continue (2.9599270000) (-21.8664103719)
continue (2.9699270000) (-21.8697095619)
continue (2.9799260000) (-21.8606783968)
continue (2.9899260000) (-21.8631549612)
continue (2.9999260000) (-21.8672724259)
continue (3.0099260000) (-22.4135702438)
continue (3.0199250000) (-22.4032687900)
continue (3.0299250000) (-22.4134450509)
continue (3.0399250000) (-22.4235888791)
continue (3.0499250000) (-22.4302880195)
continue (3.0599240000) (-22.4256035479)
continue (3.0699240000) (-22.4387598000)
continue (3.0799240000) (-22.4482710695)
continue (3.0899240000) (-22.4525196811)
continue (3.0999230000) (-22.4570604899)
continue (3.1099230000) (-22.4633989706)
continue (3.1199230000) (-22.4726402453)
continue (3.1299230000) (-22.4683333341)
continue (3.1399220000) (-22.4818732792)
continue (3.1499220000) (-22.4838015518)
continue (3.1599220000) (-22.4899271849)
continue (3.1699220000) (-22.4919909093)
continue (3.1799210000) (-22.4979894660)
continue (3.1899210000) (-22.5133493343)
continue (3.1999210000) (-22.5165476392)
continue (3.2099210000) (-22.5166140455)
continue (3.2199200000) (-22.5235522109)
continue (3.2299200000) (-22.5400845369)
continue (3.2399200000) (-22.5472920976)
continue (3.2499200000) (-22.5478837229)
continue (3.2599190000) (-22.5481450559)
continue (3.2699190000) (-22.5654008273)
continue (3.2799190000) (-22.5807530783)
continue (3.2899190000) (-22.5883964491)
continue (3.2999180000) (-22.5758811783)
continue (3.3099180000) (-22.5836004045)
continue (3.3199180000) (-22.6107561081)
continue (3.3299180000) (-22.6129915452)
continue (3.3399170000) (-22.6207468463)
continue (3.3499170000) (-22.6156709109)
continue (3.3599170000) (-22.6407649825)
continue (3.3699170000) (-22.6578118350)
continue (3.3799160000) (-22.6625866729)
continue (3.3899160000) (-22.6534300045)
continue (3.3999160000) (-22.6616318828)
continue (3.4099160000) (-22.6943419173)
continue (3.4199150000) (-22.6958496338)
continue (3.4299150000) (-22.7014563464)
continue (3.4399150000) (-22.6896220360)
continue (3.4499150000) (-22.6994685585)
continue (3.4599140000) (-22.7337166469)
continue (3.4699140000) (-22.7347908079)
continue (3.4799140000) (-22.7386564438)
continue (3.4899140000) (-22.7280028216)
continue (3.4999130000) (-22.7443095262)
continue (3.5099130000) (-22.7835052021)
continue (3.5199130000) (-22.7824275111)
continue (3.5299130000) (-22.7853899279)
continue (3.5399120000) (-22.7779717274)
continue (3.5499120000) (-22.7913244925)
continue (3.5599084401) (-22.7220535993)
continue (3.5599155599) (-22.7220535993)
continue (3.5699120000) (-22.7234926072)
continue (3.5799120000) (-22.7220471933)
continue (3.5899110000) (-22.7289051633)
continue (3.5999110000) (-22.7410284439)
continue (3.6099110000) (-22.7498896344)
continue (3.6199110000) (-22.7612430725)
continue (3.6299100000) (-22.7703373892)
continue (3.6399100000) (-22.7817478843)
continue (3.6499100000) (-22.7831799127)
continue (3.6599100000) (-22.7946682817)
continue (3.6699090000) (-22.8091555414)
continue (3.6799090000) (-22.8076182126)
continue (3.6899090000) (-22.8274886644)
continue (3.6999090000) (-22.8287909832)
continue (3.7099080000) (-22.8346093437)
continue (3.7199080000) (-22.8507125174)
continue (3.7299080000) (-22.8431992230)
continue (3.7399080000) (-22.8664277998)
continue (3.7499032501) (-22.8626791197)
continue (3.7499107499) (-22.8626791197)
continue (3.7599070000) (-22.8196806452)
continue (3.7699070000) (-22.8386347287)
continue (3.7799070000) (-22.8262551574)
continue (3.7899060000) (-22.8524859388)
continue (3.7999060000) (-22.8605995847)
continue (3.8099060000) (-22.8569498021)
continue (3.8199060000) (-22.8729649954)
continue (3.8299050000) (-22.8951786058)
continue (3.8399011601) (-22.8500850350)
continue (3.8399088399) (-22.8500850350)
continue (3.8499050000) (-22.8606801500)
continue (3.8599050000) (-22.8591739190)
continue (3.8699040000) (-22.8692640652)
continue (3.8799040000) (-22.8942272593)
continue (3.8899001101) (-22.8478337915)
continue (3.8899078899) (-22.8478337915)
continue (3.8999040000) (-22.8633923571)
continue (3.9099030000) (-22.8727464423)
continue (3.9199030000) (-22.8765334236)
continue (3.9299030000) (-22.8955717354)
continue (3.9399030000) (-22.9202428119)
continue (3.9499020000) (-22.8838344320)
continue (3.9599020000) (-22.9016512397)
continue (3.9699020000) (-22.9090005524)
continue (3.9799020000) (-22.9141621726)
continue (3.9899010000) (-22.9418604390)
continue (4.0099010000) (-22.9211927792)
continue (4.5098890000) (-23.4216261508)
continue (5.0098760000) (-23.4940440154)
continue (5.5098640000) (-23.5323694973)
continue (6.0098510000) (-23.5711218384)
continue (6.5098390000) (-23.6094292262)
continue (7.0098270000) (-23.6505769009)
continue (7.5098140000) (-23.6905011062)
continue (8.0098020000) (-23.7256477798)
continue (8.5097900000) (-23.7587750421)
continue (9.0097770000) (-23.7894001663)
continue (9.5097650000) (-23.8179762110)
continue (9.9997530000) (-23.8443126654)
continue (10.0097530000) (-23.8448356030)
continue (14.9996290000) (-24.0587648094)
continue (19.9995060000) (-24.1360998721)
continue (24.9993820000) (-24.1622386775)
continue (29.9992580000) (-24.1979406370)
continue (34.9991350000) (-24.2333536146)
continue (39.9990110000) (-24.2616760936)
continue (44.9988880000) (-24.2777698768)
continue (49.9987640000) (-24.2855179714)
continue (54.9986400000) (-24.2934095482)
continue (59.9985170000) (-24.3012294427)
continue (64.9983930000) (-24.3088358754)
continue (69.9982700000) (-24.3161657822)
continue (74.9981460000) (-24.3231969867)
continue (79.9980230000) (-24.3299285296)
continue (84.9978990000) (-24.3363702100)
continue (89.9977750000) (-24.3425369405)
continue (94.9976520000) (-24.3484456803)
continue (99.9975280000) (-24.3541137785)
continue (109.9972810000) (-24.3647945867)
continue (119.9970340000) (-24.3747022328)
continue (129.9967870000) (-24.3839416067)
continue (139.9965390000) (-24.3926004732)
continue (149.9962920000) (-24.4007519254)
continue (159.9960450000) (-24.4084569583)
continue (169.9957980000) (-24.4157667250)
continue (179.9955510000) (-24.4227243937)
continue (189.9953040000) (-24.4293666392)
continue (199.9950560000) (-24.4357248294)
continue (209.9948090000) (-24.4418259689)
continue (219.9945620000) (-24.4476934506)
continue (229.9943150000) (-24.4533476586)
continue (239.9940680000) (-24.4588064533)
continue (249.9938200000) (-24.4640855648)
continue (259.9935730000) (-24.4691989144)
continue (269.9933260000) (-24.4741588787)
continue (279.9930790000) (-24.4789765071)
continue (289.9928320000) (-24.4836617039)
continue (299.9925850000) (-24.4882233797)
continue (309.9923370000) (-24.4926695791)
continue (319.9920900000) (-24.4970075889)
continue (329.9918430000) (-24.5012440296)
continue (339.9915960000) (-24.5053849341)
continue (349.9913490000) (-24.5094358147)
continue (359.9911010000) (-24.5134017211)
continue (369.9908540000) (-24.5172872909)
continue (379.9906070000) (-24.5210967925)
continue (389.9903600000) (-24.5248341638)
continue (399.9901130000) (-24.5285030448)
continue (409.9898660000) (-24.5321068072)
continue (419.9896180000) (-24.5356485800)
continue (429.9893710000) (-24.5391312720)
continue (439.9891240000) (-24.5425575924)
continue (449.9888770000) (-24.5459300681)
continue (459.9886300000) (-24.5492510598)
continue (469.9883820000) (-24.5525227767)
continue (479.9881350000) (-24.5557472884)
continue (489.9878880000) (-24.5589265371)
continue (499.9876410000) (-24.5620623473)
continue (509.9873940000) (-24.5651564356)
continue (519.9871460000) (-24.5682104187)
continue (529.9868990000) (-24.5712258209)
continue (539.9866520000) (-24.5742040815)
continue (549.9864050000) (-24.5771465604)
continue (559.9861580000) (-24.5800545443)
continue (569.9859110000) (-24.5829292516)
continue (579.9856630000) (-24.5857718371)
continue (589.9854160000) (-24.5885833968)
continue (599.9851690000) (-24.5913649712)
continue (609.9849220000) (-24.5941175492)
continue (619.9846750000) (-24.5968420718)
continue (629.9844270000) (-24.5995394347)
continue (639.9841800000) (-24.6022104914)
continue (649.9839330000) (-24.6048560556)
continue (659.9836860000) (-24.6074769039)
continue (669.9834390000) (-24.6100737779)
continue (679.9831920000) (-24.6126473862)
continue (689.9829440000) (-24.6151984064)
continue (699.9826970000) (-24.6177274868)
continue (709.9824500000) (-24.6202352483)
continue (719.9822030000) (-24.6227222857)
continue (729.9819560000) (-24.6251891691)
continue (739.9817080000) (-24.6276364455)
continue (749.9814610000) (-24.6300646398)
continue (759.9812140000) (-24.6324742559)
continue (769.9809670000) (-24.6348657784)
continue (779.9807200000) (-24.6372396726)
continue (789.9804730000) (-24.6395963865)
continue (799.9802250000) (-24.6419363509)
continue (809.9799780000) (-24.6442599806)
continue (819.9797310000) (-24.6465676752)
continue (829.9794840000) (-24.6488598199)
continue (839.9792370000) (-24.6511367858)
continue (849.9789890000) (-24.6533989309)
continue (859.9787420000) (-24.6556466009)
continue (869.9784950000) (-24.6578801291)
continue (879.9782480000) (-24.6600998377)
continue (889.9780010000) (-24.6623060379)
continue (899.9777540000) (-24.6644990304)
continue (909.9775060000) (-24.6666791060)
continue (919.9772590000) (-24.6688465460)
continue (929.9770120000) (-24.6710016224)
continue (939.9767650000) (-24.6731445987)
continue (949.9765180000) (-24.6752757300)
continue (959.9762700000) (-24.6773952632)
continue (969.9760230000) (-24.6795034378)
continue (979.9757760000) (-24.6816004856)
continue (989.9755290000) (-24.6836866317)
continue (999.9752820000) (-24.6857620943)
continue (1199.9703380000) (-24.7253136241)
continue (1399.9653940000) (-24.7619096105)
continue (1599.9604510000) (-24.7963373281)
continue (1799.9555070000) (-24.8291046804)
continue (1999.9505630000) (-24.8605585351)
continue (2199.9456200000) (-24.8909463613)
continue (2399.9406760000) (-24.9204509323)
continue (2599.9357320000) (-24.9492110791)
continue (2799.9307890000) (-24.9773347079)
continue (2999.9258450000) (-25.0049072628)
continue (3199.9209020000) (-25.0319973646)
continue (3399.9159580000) (-25.0586606150)
continue (3599.9110140000) (-25.0849421517)
continue (3799.9060710000) (-25.1108783451)
continue (3999.9011270000) (-25.1364978530)
continue (4199.8961830000) (-25.1618222775)
continue (4399.8912400000) (-25.1868664645)
continue (4599.8862960000) (-25.2116386233)
continue (4799.8813520000) (-25.2361403976)
continue (4999.8764090000) (-25.2603666954)
continue (5199.8714650000) (-25.2843058565)
continue (5399.8665210000) (-25.3079387026)
continue (5599.8615780000) (-25.3312401689)
continue (5799.8566340000) (-25.3541779780)
continue (5999.8516900000) (-25.3767133450)
continue (6199.8467470000) (-25.3987999528)
continue (6399.8418030000) (-25.4203882512)
continue (6599.8368590000) (-25.4414218154)
continue (6799.8319160000) (-25.4618388702)
continue (6999.8269720000) (-25.4816507609)
continue (7199.8220280000) (-25.5008997437)
continue (7399.8170850000) (-25.5196167353)
continue (7599.8121410000) (-25.5378301756)
continue (7799.8071970000) (-25.5555662858)
continue (7999.8022540000) (-25.5728492930)
continue (8199.7973100000) (-25.5897016272)
continue (8399.7923660000) (-25.6061440951)
continue (8599.7874230000) (-25.6221960326)
continue (8799.7824790000) (-25.6378754403)
continue (8999.7775360000) (-25.6531991038)
continue (9199.7725920000) (-25.6681827003)
continue (9399.7676480000) (-25.6828408944)
continue (9599.7627050000) (-25.6971874231)
continue (9799.7577610000) (-25.7112351728)
continue (9999.7528170000) (-25.7249962474)
continue (10199.7478740000) (-25.7384820311)
continue (10399.7429300000) (-25.7517032440)
continue (10599.7379860000) (-25.7646699927)
continue (10799.7330430000) (-25.7773918162)
continue (10999.7280990000) (-25.7898777278)
continue (11499.7157400000) (-25.8201152321)
continue (11999.7033810000) (-25.8490517726)
continue (12499.6910220000) (-25.8767938929)
continue (12999.6786620000) (-25.9034355783)
continue (13499.6663030000) (-25.9290601541)
continue (13999.6539440000) (-25.9537418387)
continue (14499.6415850000) (-25.9775470232)
continue (14999.6292260000) (-26.0005353344)
continue (15499.6168670000) (-26.0227605232)
continue (15999.6045080000) (-26.0442712117)
continue (16499.5921480000) (-26.0651115250)
continue (16999.5797890000) (-26.0853216294)
continue (17499.5674300000) (-26.1049381918)
continue (17999.5550710000) (-26.1239947744)
continue (18499.5427120000) (-26.1425221754)
continue (18999.5303530000) (-26.1605487245)
continue (19499.5179940000) (-26.1781005395)
continue (19999.5056340000) (-26.1952017504)
continue (20499.4932750000) (-26.2118746964)
continue (20999.4809160000) (-26.2281400986)
continue (21499.4685570000) (-26.2440172124)
continue (21999.4561980000) (-26.2595239623)
continue (22499.4438390000) (-26.2746770622)
continue (22999.4314800000) (-26.2894921215)
continue (23499.4191210000) (-26.3039837405)
continue (23999.4067610000) (-26.3181655953)
continue (24499.3944020000) (-26.3320505143)
continue (24999.3820430000) (-26.3456505469)
continue (25499.3696840000) (-26.3589770248)
continue (25999.3573250000) (-26.3720406184)
continue (26499.3449660000) (-26.3848513869)
continue (26999.3326070000) (-26.3974188242)
continue (27499.3202470000) (-26.4097519005)
continue (27999.3078880000) (-26.4218590998)
continue (28499.2955290000) (-26.4337484548)
continue (28999.2831700000) (-26.4454275780)
continue (29499.2708110000) (-26.4569036907)
continue (29999.2584520000) (-26.4681836492)
continue (30499.2460930000) (-26.4792739689)
continue (30999.2337330000) (-26.4901808469)
continue (31499.2213740000) (-26.5009101817)
continue (31999.2090150000) (-26.5114675930)
continue (32499.1966560000) (-26.5218584379)
continue (32999.1842970000) (-26.5320878279)
continue (33499.1719380000) (-26.5421606433)
continue (33999.1595790000) (-26.5520815468)
continue (34499.1472200000) (-26.5618549965)
continue (34999.1348600000) (-26.5714852576)
continue (35499.1225010000) (-26.5809764132)
continue (35999.1101420000) (-26.5903323747)
continue (36499.0977830000) (-26.5995568913)
continue (36999.0854240000) (-26.6086535587)
continue (37499.0730650000) (-26.6176258275)
continue (37999.0607060000) (-26.6264770107)
continue (38499.0483460000) (-26.6352102911)
continue (38999.0359870000) (-26.6438287279)
continue (39499.0236280000) (-26.6523352633)
continue (39999.0112690000) (-26.6607327279)
continue (40498.9989100000) (-26.6690238466)
continue (40998.9865510000) (-26.6772112438)
continue (41498.9741920000) (-26.6852974482)
continue (41998.9618320000) (-26.6932848972)
continue (42498.9494730000) (-26.7011759417)
continue (42998.9371140000) (-26.7089728496)
continue (43498.9247550000) (-26.7166778102)
continue (43998.9123960000) (-26.7242929374)
continue (44498.9000370000) (-26.7318202730)
continue (44998.8876780000) (-26.7392617906)
continue (45498.8753180000) (-26.7466193980)
continue (45998.8629590000) (-26.7538949400)
continue (46498.8506000000) (-26.7610902018)
continue (46998.8382410000) (-26.7682069110)
continue (47498.8258820000) (-26.7752467400)
continue (47998.8135230000) (-26.7822113089)
continue (48498.8011640000) (-26.7891021868)
continue (48998.7888050000) (-26.7959208949)
continue (49498.7764450000) (-26.8026689074)
continue (49998.7640860000) (-26.8093476544)
continue (50498.7517270000) (-26.8159585228)
continue (50998.7393680000) (-26.8225028585)
continue (51498.7270090000) (-26.8289819681)
continue (51998.7146500000) (-26.8353971198)
continue (52498.7022910000) (-26.8417495457)
continue (52998.6899310000) (-26.8480404424)
continue (53498.6775720000) (-26.8542709730)
continue (53998.6652130000) (-26.8604422677)
continue (54498.6528540000) (-26.8665554257)
continue (54998.6404950000) (-26.8726115156)
continue (55498.6281360000) (-26.8786115773)
continue (55998.6157770000) (-26.8845566224)
continue (56498.6034170000) (-26.8904476355)
continue (56998.5910580000) (-26.8962855749)
continue (57498.5786990000) (-26.9020713740)
continue (57998.5663400000) (-26.9078059418)
continue (58498.5539810000) (-26.9134901636)
continue (58998.5416220000) (-26.9191249023)
continue (59498.5292630000) (-26.9247109988)
continue (59998.5169030000) (-26.9302492726)
continue (60498.5045440000) (-26.9357405231)
continue (60998.4921850000) (-26.9411855296)
continue (61498.4798260000) (-26.9465850524)
continue (61998.4674670000) (-26.9519398332)
continue (62498.4551080000) (-26.9572505957)
continue (62998.4427490000) (-26.9625180464)
continue (63498.4303900000) (-26.9677428750)
continue (63998.4180300000) (-26.9729257547)
continue (64498.4056710000) (-26.9780673430)
continue (64998.3933120000) (-26.9831682824)
continue (65498.3809530000) (-26.9882292001)
continue (65998.3685940000) (-26.9932507094)
continue (66498.3562350000) (-26.9982334092)
continue (66998.3438760000) (-27.0031778854)
continue (67498.3315160000) (-27.0080847104)
continue (67998.3191570000) (-27.0129544439)
continue (68498.3067980000) (-27.0177876336)
continue (68998.2944390000) (-27.0225848148)
continue (69498.2820800000) (-27.0273465114)
continue (69998.2697210000) (-27.0320732359)
continue (70498.2573620000) (-27.0367654899)
continue (70998.2450020000) (-27.0414237641)
continue (71498.2326430000) (-27.0460485392)
continue (71998.2202840000) (-27.0506402854)
continue (72498.2079250000) (-27.0551994635)
continue (72998.1955660000) (-27.0597265245)
continue (73498.1832070000) (-27.0642219102)
continue (73998.1708480000) (-27.0686860533)
continue (74498.1584890000) (-27.0731193780)
continue (75243.1400738900) (-50.0000000000)
continue (7354000.0000000000) (-50.0000000000)
f(nu) = -20.1346605254 at 1.0000000000 Ryd
