# NA
# z = 2.500000
# E [Ryd] log (J_nu)
interpolate (0.0000000100) (-50.0000000000)
continue (0.0989980200) (-50.0000000000)
continue (0.0999980000) (-18.7567801782)
continue (0.1499960000) (-18.8600756498)
continue (0.1999950000) (-19.0156361050)
continue (0.2499940000) (-19.1653994594)
continue (0.2999930000) (-19.1711535865)
continue (0.3499910000) (-19.1692333311)
continue (0.3999900000) (-19.1618780066)
continue (0.4499890000) (-19.1640733842)
continue (0.4999880000) (-19.1690849856)
continue (0.5499860000) (-19.1853863436)
continue (0.5999850000) (-19.1970992512)
continue (0.6499840000) (-19.2130677021)
continue (0.6999830000) (-19.2536776606)
continue (0.7499810000) (-19.5670830298)
continue (0.7999800000) (-19.6785247264)
continue (0.8499790000) (-19.8352270552)
continue (0.8999780000) (-20.0176011782)
continue (0.9499770000) (-20.3475068008)
continue (1.0099750000) (-21.4119185551)
continue (1.0599740000) (-21.4540745013)
continue (1.1099730000) (-21.4907991113)
continue (1.1599710000) (-21.5312902635)
continue (1.2099700000) (-21.5488821164)
continue (1.2599690000) (-21.5737425073)
continue (1.3099680000) (-21.5999569352)
continue (1.3599660000) (-21.6234190487)
continue (1.4099650000) (-21.6392386722)
continue (1.4599640000) (-21.6784019553)
continue (1.5099630000) (-21.6822347518)
continue (1.5599610000) (-21.7177228607)
continue (1.6099600000) (-21.7406260835)
continue (1.6599590000) (-21.7678311274)
continue (1.7099580000) (-21.7791082480)
continue (1.7599560000) (-21.8017764012)
continue (1.8099550000) (-21.8312451138)
continue (1.8599540000) (-21.8565339639)
continue (1.9099530000) (-21.8774285640)
continue (1.9599520000) (-21.9060189886)
continue (1.9999510000) (-21.9223803308)
continue (2.0099500000) (-21.9160004836)
continue (2.0199500000) (-21.9284766336)
continue (2.0299500000) (-21.9303137221)
continue (2.0399500000) (-21.9262492281)
continue (2.0499490000) (-21.9400208724)
continue (2.0599490000) (-21.9344993477)
continue (2.0699490000) (-21.9454787869)
continue (2.0799490000) (-21.9508883751)
continue (2.0899480000) (-21.9379958551)
continue (2.0999480000) (-21.9533276798)
continue (2.1099480000) (-21.9619670931)
continue (2.1199480000) (-21.9471096261)
continue (2.1299470000) (-21.9615243481)
continue (2.1399470000) (-21.9733324767)
continue (2.1499470000) (-21.9584097262)
continue (2.1599470000) (-21.9657688623)
continue (2.1699460000) (-21.9833910572)
continue (2.1799460000) (-21.9731115234)
continue (2.1899460000) (-21.9724728551)
continue (2.1999460000) (-21.9847785378)
continue (2.2099450000) (-21.9744589510)
continue (2.2199450000) (-21.9772775078)
continue (2.2299450000) (-21.9936190369)
continue (2.2399450000) (-21.9826026136)
continue (2.2499440000) (-21.9892076113)
continue (2.2599440000) (-21.9924019977)
continue (2.2699440000) (-21.9830013900)
continue (2.2799440000) (-21.9966012623)
continue (2.2899430000) (-21.9991800944)
continue (2.2999430000) (-21.9833580364)
continue (2.3099430000) (-22.0027425034)
continue (2.3199430000) (-22.0042410402)
continue (2.3299420000) (-21.9855721602)
continue (2.3399420000) (-22.0042332867)
continue (2.3499420000) (-22.0076375279)
continue (2.3599420000) (-21.9838462486)
continue (2.3699410000) (-22.0058193731)
continue (2.3799410000) (-22.0074579782)
continue (2.3899410000) (-21.9840580069)
continue (2.3999410000) (-22.0037253811)
continue (2.4099400000) (-22.0008657585)
continue (2.4199400000) (-21.9850187365)
continue (2.4299400000) (-21.9944717165)
continue (2.4399400000) (-21.9888780396)
continue (2.4499390000) (-21.9863257260)
continue (2.4599390000) (-21.9808550954)
continue (2.4699390000) (-21.9938506098)
continue (2.4799390000) (-21.9826587443)
continue (2.4899380000) (-21.9760527833)
continue (2.4999380000) (-21.9915623652)
continue (2.5099380000) (-21.9794245729)
continue (2.5199380000) (-21.9781598093)
continue (2.5299370000) (-21.9780575808)
continue (2.5399370000) (-21.9782430626)
continue (2.5499370000) (-21.9715055453)
continue (2.5599370000) (-21.9655708176)
continue (2.5699360000) (-21.9739150500)
continue (2.5799360000) (-21.9662761919)
continue (2.5899360000) (-21.9637203059)
continue (2.5999360000) (-21.9622195799)
continue (2.6099350000) (-21.9635515773)
continue (2.6199350000) (-21.9578857550)
continue (2.6299350000) (-21.9477844866)
continue (2.6399350000) (-21.9539150458)
continue (2.6499340000) (-21.9532332636)
continue (2.6599340000) (-21.9407042381)
continue (2.6699340000) (-21.9414277116)
continue (2.6799340000) (-21.9436609679)
continue (2.6899340000) (-21.9422399215)
continue (2.6999330000) (-21.9337438534)
continue (2.7099330000) (-21.9351467668)
continue (2.7199330000) (-21.9349579425)
continue (2.7299330000) (-21.9276082229)
continue (2.7399320000) (-21.9244634386)
continue (2.7499320000) (-21.9244721359)
continue (2.7599320000) (-21.9270085157)
continue (2.7699320000) (-21.9185022697)
continue (2.7799310000) (-21.9125882527)
continue (2.7899310000) (-21.9160037260)
continue (2.7999310000) (-21.9097027754)
continue (2.8099310000) (-21.9052512222)
continue (2.8199300000) (-21.9053318155)
continue (2.8299300000) (-21.9117834099)
continue (2.8399300000) (-21.8993505457)
continue (2.8499300000) (-21.8968248859)
continue (2.8599290000) (-21.8955334478)
continue (2.8699290000) (-21.9005592096)
continue (2.8799290000) (-21.8873234695)
continue (2.8899290000) (-21.8861438968)
continue (2.8999280000) (-21.8824884010)
continue (2.9099280000) (-21.8872647371)
continue (2.9199280000) (-21.8751748529)
continue (2.9299280000) (-21.8787197657)
continue (2.9399270000) (-21.8694282155)
continue (2.9499270000) (-21.8733637236)
continue (2.9599270000) (-21.8632755163)
continue (2.9699270000) (-21.8681164477)
continue (2.9799260000) (-21.8596487952)
continue (2.9899260000) (-21.8607729631)
continue (2.9999260000) (-21.8655309618)
continue (3.0099260000) (-22.4161136299)
continue (3.0199250000) (-22.4074561254)
continue (3.0299250000) (-22.4127980542)
continue (3.0399250000) (-22.4262988920)
continue (3.0499250000) (-22.4329057004)
continue (3.0599240000) (-22.4294087321)
continue (3.0699240000) (-22.4328437587)
continue (3.0799240000) (-22.4523291330)
continue (3.0899240000) (-22.4556417161)
continue (3.0999230000) (-22.4595669294)
continue (3.1099230000) (-22.4644073196)
continue (3.1199230000) (-22.4742640179)
continue (3.1299230000) (-22.4712823193)
continue (3.1399220000) (-22.4830947545)
continue (3.1499220000) (-22.4857204061)
continue (3.1599220000) (-22.4931622903)
continue (3.1699220000) (-22.4948852693)
continue (3.1799210000) (-22.4996916696)
continue (3.1899210000) (-22.5157503975)
continue (3.1999210000) (-22.5196737092)
continue (3.2099210000) (-22.5205229261)
continue (3.2199200000) (-22.5266524628)
continue (3.2299200000) (-22.5341008070)
continue (3.2399200000) (-22.5503608205)
continue (3.2499200000) (-22.5518446053)
continue (3.2599190000) (-22.5517791998)
continue (3.2699190000) (-22.5683250042)
continue (3.2799190000) (-22.5846392281)
continue (3.2899190000) (-22.5929409568)
continue (3.2999180000) (-22.5818524539)
continue (3.3099180000) (-22.5859753970)
continue (3.3199180000) (-22.6110595629)
continue (3.3299180000) (-22.6171545954)
continue (3.3399170000) (-22.6260557113)
continue (3.3499170000) (-22.6200210307)
continue (3.3599170000) (-22.6438620065)
continue (3.3699170000) (-22.6640045496)
continue (3.3799160000) (-22.6674351868)
continue (3.3899160000) (-22.6603803165)
continue (3.3999160000) (-22.6615837376)
continue (3.4099160000) (-22.7011054111)
continue (3.4199150000) (-22.7003480641)
continue (3.4299150000) (-22.7078750213)
continue (3.4399150000) (-22.6945147981)
continue (3.4499150000) (-22.7040913361)
continue (3.4599140000) (-22.7399308667)
continue (3.4699140000) (-22.7411998290)
continue (3.4799140000) (-22.7442516278)
continue (3.4899140000) (-22.7331988063)
continue (3.4999130000) (-22.7500610437)
continue (3.5099130000) (-22.7906043106)
continue (3.5199130000) (-22.7897035389)
continue (3.5299130000) (-22.7912492756)
continue (3.5399120000) (-22.7894974817)
continue (3.5499120000) (-22.7985725095)
continue (3.5599084401) (-22.7264710999)
continue (3.5599155599) (-22.7264710999)
continue (3.5699120000) (-22.7269066773)
continue (3.5799120000) (-22.7372443357)
continue (3.5899110000) (-22.7342686190)
continue (3.5999110000) (-22.7471888939)
continue (3.6099110000) (-22.7551408634)
continue (3.6199110000) (-22.7653518948)
continue (3.6299100000) (-22.7739438012)
continue (3.6399100000) (-22.7880548478)
continue (3.6499100000) (-22.7899551404)
continue (3.6599100000) (-22.8004333565)
continue (3.6699090000) (-22.8140739107)
continue (3.6799090000) (-22.8126051141)
continue (3.6899090000) (-22.8338369156)
continue (3.6999090000) (-22.8362326761)
continue (3.7099080000) (-22.8411793442)
continue (3.7199080000) (-22.8562068820)
continue (3.7299080000) (-22.8488321531)
continue (3.7399080000) (-22.8734315806)
continue (3.7499032501) (-22.8704618032)
continue (3.7499107499) (-22.8704618032)
continue (3.7599070000) (-22.8254250093)
continue (3.7699070000) (-22.8430633192)
continue (3.7799070000) (-22.8541423896)
continue (3.7899060000) (-22.8585683462)
continue (3.7999060000) (-22.8676481440)
continue (3.8099060000) (-22.8633064973)
continue (3.8199060000) (-22.8779475829)
continue (3.8299050000) (-22.9006135222)
continue (3.8399011601) (-22.8558002515)
continue (3.8399088399) (-22.8558002515)
continue (3.8499050000) (-22.8664076137)
continue (3.8599050000) (-22.8651116945)
continue (3.8699040000) (-22.8739640789)
continue (3.8799040000) (-22.8993617804)
continue (3.8899001101) (-22.8533575724)
continue (3.8899078899) (-22.8533575724)
continue (3.8999040000) (-22.8689763239)
continue (3.9099030000) (-22.8786241154)
continue (3.9199030000) (-22.8821597751)
continue (3.9299030000) (-22.9006996422)
continue (3.9399030000) (-22.9258202229)
continue (3.9499020000) (-22.8901720644)
continue (3.9599020000) (-22.9080991011)
continue (3.9699020000) (-22.9152127785)
continue (3.9799020000) (-22.9200850961)
continue (3.9899010000) (-22.9482650229)
continue (4.0099010000) (-22.9286819836)
continue (4.5098890000) (-23.4343361887)
continue (5.0098760000) (-23.5071910298)
continue (5.5098640000) (-23.5452760463)
continue (6.0098510000) (-23.5835820976)
continue (6.5098390000) (-23.6202763805)
continue (7.0098270000) (-23.6609776569)
continue (7.5098140000) (-23.7006827828)
continue (8.0098020000) (-23.7357145636)
continue (8.5097900000) (-23.7685658839)
continue (9.0097770000) (-23.7990058723)
continue (9.5097650000) (-23.8274616700)
continue (9.9997530000) (-23.8535599390)
continue (10.0097530000) (-23.8540789473)
continue (14.9996290000) (-24.0664684607)
continue (19.9995060000) (-24.1431181862)
continue (24.9993820000) (-24.1684380164)
continue (29.9992580000) (-24.2036629102)
continue (34.9991350000) (-24.2388467315)
continue (39.9990110000) (-24.2670875723)
continue (44.9988880000) (-24.2831224162)
continue (49.9987640000) (-24.2907881910)
continue (54.9986400000) (-24.2986236055)
continue (59.9985170000) (-24.3064041825)
continue (64.9983930000) (-24.3139823466)
continue (69.9982700000) (-24.3212914312)
continue (74.9981460000) (-24.3283069580)
continue (79.9980230000) (-24.3350264572)
continue (84.9978990000) (-24.3414587134)
continue (89.9977750000) (-24.3476179423)
continue (94.9976520000) (-24.3535206151)
continue (99.9975280000) (-24.3591837324)
continue (109.9972810000) (-24.3698568939)
continue (119.9970340000) (-24.3797589627)
continue (129.9967870000) (-24.3889940726)
continue (139.9965390000) (-24.3976495386)
continue (149.9962920000) (-24.4057981757)
continue (159.9960450000) (-24.4135008008)
continue (169.9957980000) (-24.4208084500)
continue (179.9955510000) (-24.4277642122)
continue (189.9953040000) (-24.4344047074)
continue (199.9950560000) (-24.4407612650)
continue (209.9948090000) (-24.4468608617)
continue (219.9945620000) (-24.4527268701)
continue (229.9943150000) (-24.4583796594)
continue (239.9940680000) (-24.4638370785)
continue (249.9938200000) (-24.4691148491)
continue (259.9935730000) (-24.4742268859)
continue (269.9933260000) (-24.4791855602)
continue (279.9930790000) (-24.4840019175)
continue (289.9928320000) (-24.4886858589)
continue (299.9925850000) (-24.4932462923)
continue (309.9923370000) (-24.4976912605)
continue (319.9920900000) (-24.5020280485)
continue (329.9918430000) (-24.5062632755)
continue (339.9915960000) (-24.5104029732)
continue (349.9913490000) (-24.5144526530)
continue (359.9911010000) (-24.5184173640)
continue (369.9908540000) (-24.5223017430)
continue (379.9906070000) (-24.5261100579)
continue (389.9903600000) (-24.5298462461)
continue (399.9901130000) (-24.5335139473)
continue (409.9898660000) (-24.5371165329)
continue (419.9896180000) (-24.5406571316)
continue (429.9893710000) (-24.5441386519)
continue (439.9891240000) (-24.5475638028)
continue (449.9888770000) (-24.5509351111)
continue (459.9886300000) (-24.5542549373)
continue (469.9883820000) (-24.5575254905)
continue (479.9881350000) (-24.5607488401)
continue (489.9878880000) (-24.5639269282)
continue (499.9876410000) (-24.5670615794)
continue (509.9873940000) (-24.5701545101)
continue (519.9871460000) (-24.5732073368)
continue (529.9868990000) (-24.5762215840)
continue (539.9866520000) (-24.5791986907)
continue (549.9864050000) (-24.5821400169)
continue (559.9861580000) (-24.5850468492)
continue (569.9859110000) (-24.5879204060)
continue (579.9856630000) (-24.5907618421)
continue (589.9854160000) (-24.5935722534)
continue (599.9851690000) (-24.5963526803)
continue (609.9849220000) (-24.5991041118)
continue (619.9846750000) (-24.6018274889)
continue (629.9844270000) (-24.6045237072)
continue (639.9841800000) (-24.6071936201)
continue (649.9839330000) (-24.6098380415)
continue (659.9836860000) (-24.6124577479)
continue (669.9834390000) (-24.6150534808)
continue (679.9831920000) (-24.6176259488)
continue (689.9829440000) (-24.6201758295)
continue (699.9826970000) (-24.6227037714)
continue (709.9824500000) (-24.6252103951)
continue (719.9822030000) (-24.6276962955)
continue (729.9819560000) (-24.6301620427)
continue (739.9817080000) (-24.6326081837)
continue (749.9814610000) (-24.6350352433)
continue (759.9812140000) (-24.6374437257)
continue (769.9809670000) (-24.6398341151)
continue (779.9807200000) (-24.6422068770)
continue (789.9804730000) (-24.6445624594)
continue (799.9802250000) (-24.6469012930)
continue (809.9799780000) (-24.6492237927)
continue (819.9797310000) (-24.6515303580)
continue (829.9794840000) (-24.6538213742)
continue (839.9792370000) (-24.6560972122)
continue (849.9789890000) (-24.6583582303)
continue (859.9787420000) (-24.6606047740)
continue (869.9784950000) (-24.6628371766)
continue (879.9782480000) (-24.6650557604)
continue (889.9780010000) (-24.6672608364)
continue (899.9777540000) (-24.6694527055)
continue (909.9775060000) (-24.6716316584)
continue (919.9772590000) (-24.6737979764)
continue (929.9770120000) (-24.6759519316)
continue (939.9767650000) (-24.6780937873)
continue (949.9765180000) (-24.6802237987)
continue (959.9762700000) (-24.6823422128)
continue (969.9760230000) (-24.6844492690)
continue (979.9757760000) (-24.6865451991)
continue (989.9755290000) (-24.6886302282)
continue (999.9752820000) (-24.6907045745)
continue (1199.9703380000) (-24.7302339240)
continue (1399.9653940000) (-24.7668080024)
continue (1599.9604510000) (-24.8012140782)
continue (1799.9555070000) (-24.8339600499)
continue (1999.9505630000) (-24.8653927805)
continue (2199.9456200000) (-24.8957597348)
continue (2399.9406760000) (-24.9252436821)
continue (2599.9357320000) (-24.9539834510)
continue (2799.9307890000) (-24.9820869480)
continue (2999.9258450000) (-25.0096396238)
continue (3199.9209020000) (-25.0367101174)
continue (3399.9159580000) (-25.0633540645)
continue (3599.9110140000) (-25.0896166664)
continue (3799.9060710000) (-25.1155343734)
continue (3999.9011270000) (-25.1411359761)
continue (4199.8961830000) (-25.1664431947)
continue (4399.8912400000) (-25.1914710896)
continue (4599.8862960000) (-25.2162280951)
continue (4799.8813520000) (-25.2407159774)
continue (4999.8764090000) (-25.2649299321)
continue (5199.8714650000) (-25.2888583682)
continue (5399.8665210000) (-25.3124824541)
continue (5599.8615780000) (-25.3357769656)
continue (5799.8566340000) (-25.3587097581)
continue (5999.8516900000) (-25.3812416668)
continue (6199.8467470000) (-25.4033267070)
continue (6399.8418030000) (-25.4249144057)
continue (6599.8368590000) (-25.4459481179)
continue (6799.8319160000) (-25.4663653985)
continue (6999.8269720000) (-25.4861774326)
continue (7199.8220280000) (-25.5054265567)
continue (7399.8170850000) (-25.5241436875)
continue (7599.8121410000) (-25.5423572651)
continue (7799.8071970000) (-25.5600935108)
continue (7999.8022540000) (-25.5773766517)
continue (8199.7973100000) (-25.5942291179)
continue (8399.7923660000) (-25.6106717162)
continue (8599.7874230000) (-25.6267237824)
continue (8799.7824790000) (-25.6424033173)
continue (8999.7775360000) (-25.6577271064)
continue (9199.7725920000) (-25.6727108272)
continue (9399.7676480000) (-25.6873691442)
continue (9599.7627050000) (-25.7017157944)
continue (9799.7577610000) (-25.7157636642)
continue (9999.7528170000) (-25.7295248577)
continue (10199.7478740000) (-25.7430107591)
continue (10399.7429300000) (-25.7562320885)
continue (10599.7379860000) (-25.7691989524)
continue (10799.7330430000) (-25.7819208901)
continue (10999.7280990000) (-25.7944069147)
continue (11499.7157400000) (-25.8246446970)
continue (11999.7033810000) (-25.8535815092)
continue (12499.6910220000) (-25.8813238952)
continue (12999.6786620000) (-25.9079658407)
continue (13499.6663030000) (-25.9335906714)
continue (13999.6539440000) (-25.9582726059)
continue (14499.6415850000) (-25.9820780355)
continue (14999.6292260000) (-26.0050665874)
continue (15499.6168670000) (-26.0272920126)
continue (15999.6045080000) (-26.0488029333)
continue (16499.5921480000) (-26.0696434750)
continue (16999.5797890000) (-26.0898538041)
continue (17499.5674300000) (-26.1094705876)
continue (17999.5550710000) (-26.1285273879)
continue (18499.5427120000) (-26.1470550034)
continue (18999.5303530000) (-26.1650817638)
continue (19499.5179940000) (-26.1826337870)
continue (19999.5056340000) (-26.1997352032)
continue (20499.4932750000) (-26.2164083518)
continue (20999.4809160000) (-26.2326739539)
continue (21499.4685570000) (-26.2485512649)
continue (21999.4561980000) (-26.2640582095)
continue (22499.4438390000) (-26.2792115017)
continue (22999.4314800000) (-26.2940267509)
continue (23499.4191210000) (-26.3085185575)
continue (23999.4067610000) (-26.3227005977)
continue (24499.3944020000) (-26.3365857001)
continue (24999.3820430000) (-26.3501859138)
continue (25499.3696840000) (-26.3635125709)
continue (25999.3573250000) (-26.3765763417)
continue (26499.3449660000) (-26.3893872856)
continue (26999.3326070000) (-26.4019548963)
continue (27499.3202470000) (-26.4142881443)
continue (27999.3078880000) (-26.4263955135)
continue (28499.2955290000) (-26.4382850367)
continue (28999.2831700000) (-26.4499643264)
continue (29499.2708110000) (-26.4614406040)
continue (29999.2584520000) (-26.4727207258)
continue (30499.2460930000) (-26.4838112073)
continue (30999.2337330000) (-26.4947182455)
continue (31499.2213740000) (-26.5054477392)
continue (31999.2090150000) (-26.5160053078)
continue (32499.1966560000) (-26.5263963086)
continue (32999.1842970000) (-26.5366258533)
continue (33499.1719380000) (-26.5466988219)
continue (33999.1595790000) (-26.5566198773)
continue (34499.1472200000) (-26.5663934777)
continue (34999.1348600000) (-26.5760238882)
continue (35499.1225010000) (-26.5855151919)
continue (35999.1101420000) (-26.5948713004)
continue (36499.0977830000) (-26.6040959628)
continue (36999.0854240000) (-26.6131927749)
continue (37499.0730650000) (-26.6221651871)
continue (37999.0607060000) (-26.6310165127)
continue (38499.0483460000) (-26.6397499344)
continue (38999.0359870000) (-26.6483685115)
continue (39499.0236280000) (-26.6568751861)
continue (39999.0112690000) (-26.6652727888)
continue (40498.9989100000) (-26.6735640447)
continue (40998.9865510000) (-26.6817515781)
continue (41498.9741920000) (-26.6898379176)
continue (41998.9618320000) (-26.6978255009)
continue (42498.9494730000) (-26.7057166787)
continue (42998.9371140000) (-26.7135137190)
continue (43498.9247550000) (-26.7212188111)
continue (43998.9123960000) (-26.7288340688)
continue (44498.9000370000) (-26.7363615342)
continue (44998.8876780000) (-26.7438031806)
continue (45498.8753180000) (-26.7511609159)
continue (45998.8629590000) (-26.7584365851)
continue (46498.8506000000) (-26.7656319733)
continue (46998.8382410000) (-26.7727488080)
continue (47498.8258820000) (-26.7797887618)
continue (47998.8135230000) (-26.7867534546)
continue (48498.8011640000) (-26.7936444558)
continue (48998.7888050000) (-26.8004632862)
continue (49498.7764450000) (-26.8072114205)
continue (49998.7640860000) (-26.8138902884)
continue (50498.7517270000) (-26.8205012770)
continue (50998.7393680000) (-26.8270457323)
continue (51498.7270090000) (-26.8335249607)
continue (51998.7146500000) (-26.8399402306)
continue (52498.7022910000) (-26.8462927739)
continue (52998.6899310000) (-26.8525837874)
continue (53498.6775720000) (-26.8588144340)
continue (53998.6652130000) (-26.8649858442)
continue (54498.6528540000) (-26.8710991170)
continue (54998.6404950000) (-26.8771553211)
continue (55498.6281360000) (-26.8831554964)
continue (55998.6157770000) (-26.8891006544)
continue (56498.6034170000) (-26.8949917797)
continue (56998.5910580000) (-26.9008298309)
continue (57498.5786990000) (-26.9066157411)
continue (57998.5663400000) (-26.9123504194)
continue (58498.5539810000) (-26.9180347512)
continue (58998.5416220000) (-26.9236695993)
continue (59498.5292630000) (-26.9292558046)
continue (59998.5169030000) (-26.9347941867)
continue (60498.5045440000) (-26.9402855449)
continue (60998.4921850000) (-26.9457306585)
continue (61498.4798260000) (-26.9511302879)
continue (61998.4674670000) (-26.9564851748)
continue (62498.4551080000) (-26.9617960429)
continue (62998.4427490000) (-26.9670635987)
continue (63498.4303900000) (-26.9722885318)
continue (63998.4180300000) (-26.9774715155)
continue (64498.4056710000) (-26.9826132074)
continue (64998.3933120000) (-26.9877142497)
continue (65498.3809530000) (-26.9927752700)
continue (65998.3685940000) (-26.9977968813)
continue (66498.3562350000) (-27.0027796828)
continue (66998.3438760000) (-27.0077242601)
continue (67498.3315160000) (-27.0126311857)
continue (67998.3191570000) (-27.0175010194)
continue (68498.3067980000) (-27.0223343088)
continue (68998.2944390000) (-27.0271315893)
continue (69498.2820800000) (-27.0318933847)
continue (69998.2697210000) (-27.0366202076)
continue (70498.2573620000) (-27.0413125595)
continue (70998.2450020000) (-27.0459709313)
continue (71498.2326430000) (-27.0505958034)
continue (71998.2202840000) (-27.0551876463)
continue (72498.2079250000) (-27.0597469207)
continue (72998.1955660000) (-27.0642740775)
continue (73498.1832070000) (-27.0687695586)
continue (73998.1708480000) (-27.0732337967)
continue (74498.1584890000) (-27.0776672160)
continue (75243.1400738900) (-50.0000000000)
continue (7354000.0000000000) (-50.0000000000)
f(nu) = -20.1357443381 at 1.0000000000 Ryd
